<?xml version="1.0" encoding="UTF-8"?>
<testsuite xmlns:xsi="http://www.w3.org/2001/XMLSchema-instance" xsi:noNamespaceSchemaLocation="https://maven.apache.org/surefire/maven-surefire-plugin/xsd/surefire-test-report.xsd" name="ListTestTest" time="0.121" tests="4" errors="0" skipped="0" failures="0">
  <properties>
[...]
</properties>
  <testcase name="letsMockListSize" classname="ListTestTest" time="0.088"/>
  <testcase name="letsMockListGetWithAny" classname="ListTestTest" time="0.002"/>
  <testcase name="letsMockListSizeWithMultipleReturnValues" classname="ListTestTest" time="0"/>
  <testcase name="letsMockListGet" classname="ListTestTest" time="0.001"/>
</testsuite>