GROUP,PACKAGE,CLASS,INSTRUCTION_MISSED,INSTRUCTION_COVERED,BRANCH_MISSED,BRANCH_COVERED,LINE_MISSED,LINE_COVERED,COMPLEXITY_MISSED,COMPLEXITY_COVERED,METHOD_MISSED,METHOD_COVERED
org.apache.xmlgraphics:xmlgraphics-commons,org.apache.xmlgraphics.ps.dsc.tools,PageExtractor.__CLR4_5_2f4ff4fm6lb50uq.new InvocationHandler() {...},39,0,2,0,1,0,3,0,2,0
org.apache.xmlgraphics:xmlgraphics-commons,org.apache.xmlgraphics.ps.dsc.tools,PageExtractor.__CLR4_5_2f4ff4fm6lb50uq,140,0,2,0,1,0,6,0,5,0
org.apache.xmlgraphics:xmlgraphics-commons,org.apache.xmlgraphics.ps.dsc.tools,DSCTools.__CLR4_5_2f2rf2rm6lb50ue,105,35,1,1,0,1,5,1,4,1
org.apache.xmlgraphics:xmlgraphics-commons,org.apache.xmlgraphics.ps.dsc.tools,PageExtractor.new DSCFilter() {...},56,0,12,0,6,0,8,0,2,0
org.apache.xmlgraphics:xmlgraphics-commons,org.apache.xmlgraphics.ps.dsc.tools,PageExtractor,411,0,84,0,40,0,45,0,3,0
org.apache.xmlgraphics:xmlgraphics-commons,org.apache.xmlgraphics.ps.dsc.tools,DSCTools.__CLR4_5_2f2rf2rm6lb50ue.new InvocationHandler() {...},39,0,2,0,1,0,3,0,2,0
org.apache.xmlgraphics:xmlgraphics-commons,org.apache.xmlgraphics.ps.dsc.tools,DSCTools,367,132,105,18,29,16,61,6,3,2
org.apache.xmlgraphics:xmlgraphics-commons,org.apache.xmlgraphics.xmp.schemas,DublinCoreAdapter,349,290,14,10,69,55,32,20,22,18
org.apache.xmlgraphics:xmlgraphics-commons,org.apache.xmlgraphics.xmp.schemas,DublinCoreSchema,12,56,0,0,3,10,1,3,1,3
org.apache.xmlgraphics:xmlgraphics-commons,org.apache.xmlgraphics.xmp.schemas,DublinCoreAdapter.__CLR4_5_2h65h65m6lb51ew.new InvocationHandler() {...},39,0,2,0,1,0,3,0,2,0
org.apache.xmlgraphics:xmlgraphics-commons,org.apache.xmlgraphics.xmp.schemas,XMPBasicAdapter.__CLR4_5_2h8vh8vm6lb51fa,105,35,1,1,0,1,5,1,4,1
org.apache.xmlgraphics:xmlgraphics-commons,org.apache.xmlgraphics.xmp.schemas,DublinCoreAdapter.__CLR4_5_2h65h65m6lb51ew,105,35,1,1,0,1,5,1,4,1
org.apache.xmlgraphics:xmlgraphics-commons,org.apache.xmlgraphics.xmp.schemas,XMPBasicSchema,12,60,0,0,3,11,1,3,1,3
org.apache.xmlgraphics:xmlgraphics-commons,org.apache.xmlgraphics.xmp.schemas,DublinCoreSchema.__CLR4_5_2h8mh8mm6lb51f1.new InvocationHandler() {...},39,0,2,0,1,0,3,0,2,0
org.apache.xmlgraphics:xmlgraphics-commons,org.apache.xmlgraphics.xmp.schemas,DublinCoreSchema.__CLR4_5_2h8mh8mm6lb51f1,105,35,1,1,0,1,5,1,4,1
org.apache.xmlgraphics:xmlgraphics-commons,org.apache.xmlgraphics.xmp.schemas,XMPBasicSchema.__CLR4_5_2ha0ha0m6lb51fe.new InvocationHandler() {...},39,0,2,0,1,0,3,0,2,0
org.apache.xmlgraphics:xmlgraphics-commons,org.apache.xmlgraphics.xmp.schemas,XMPBasicSchema.__CLR4_5_2ha0ha0m6lb51fe,105,35,1,1,0,1,5,1,4,1
org.apache.xmlgraphics:xmlgraphics-commons,org.apache.xmlgraphics.xmp.schemas,XMPBasicAdapter.__CLR4_5_2h8vh8vm6lb51fa.new InvocationHandler() {...},39,0,2,0,1,0,3,0,2,0
org.apache.xmlgraphics:xmlgraphics-commons,org.apache.xmlgraphics.xmp.schemas,XMPBasicAdapter,109,203,11,9,21,31,16,10,7,9
org.apache.xmlgraphics:xmlgraphics-commons,org.apache.xmlgraphics.image,GraphicsConstants.__CLR4_5_27m7mm6lb4x97.new InvocationHandler() {...},39,0,2,0,1,0,3,0,2,0
org.apache.xmlgraphics:xmlgraphics-commons,org.apache.xmlgraphics.image,GraphicsUtil,5984,0,1077,0,580,0,569,0,29,0
org.apache.xmlgraphics:xmlgraphics-commons,org.apache.xmlgraphics.image,GraphicsUtil.__CLR4_5_27n7nm6lb4xk4.new InvocationHandler() {...},39,0,2,0,1,0,3,0,2,0
org.apache.xmlgraphics:xmlgraphics-commons,org.apache.xmlgraphics.image,GraphicsConstants,11,0,0,0,3,0,2,0,2,0
org.apache.xmlgraphics:xmlgraphics-commons,org.apache.xmlgraphics.image,GraphicsConstants.__CLR4_5_27m7mm6lb4x97,140,0,2,0,1,0,6,0,5,0
org.apache.xmlgraphics:xmlgraphics-commons,org.apache.xmlgraphics.image,GraphicsUtil.__CLR4_5_27n7nm6lb4xk4,140,0,2,0,1,0,6,0,5,0
org.apache.xmlgraphics:xmlgraphics-commons,org.apache.xmlgraphics.xmp,XMPProperty,455,454,118,40,43,60,80,18,6,13
org.apache.xmlgraphics:xmlgraphics-commons,org.apache.xmlgraphics.xmp,XMPArray.__CLR4_5_2gfjgfjm6lb51a0.new InvocationHandler() {...},39,0,2,0,1,0,3,0,2,0
org.apache.xmlgraphics:xmlgraphics-commons,org.apache.xmlgraphics.xmp,XMPSchemaAdapter.__CLR4_5_2gv6gv6m6lb51d3.new InvocationHandler() {...},39,0,2,0,1,0,3,0,2,0
org.apache.xmlgraphics:xmlgraphics-commons,org.apache.xmlgraphics.xmp,XMPHandler.__CLR4_5_2gjigjim6lb51b3.new InvocationHandler() {...},39,0,2,0,1,0,3,0,2,0
org.apache.xmlgraphics:xmlgraphics-commons,org.apache.xmlgraphics.xmp,Metadata.__CLR4_5_2gd7gd7m6lb519h,105,35,1,1,0,1,5,1,4,1
org.apache.xmlgraphics:xmlgraphics-commons,org.apache.xmlgraphics.xmp,XMPPacketParser.__CLR4_5_2gprgprm6lb51bg.new InvocationHandler() {...},39,0,2,0,1,0,3,0,2,0
org.apache.xmlgraphics:xmlgraphics-commons,org.apache.xmlgraphics.xmp,XMPSerializer,232,120,51,9,20,20,32,3,2,3
org.apache.xmlgraphics:xmlgraphics-commons,org.apache.xmlgraphics.xmp,XMPSchemaRegistry.__CLR4_5_2h2nh2nm6lb51dc.new InvocationHandler() {...},39,0,2,0,1,0,3,0,2,0
org.apache.xmlgraphics:xmlgraphics-commons,org.apache.xmlgraphics.xmp,Metadata.__CLR4_5_2gd7gd7m6lb519h.new InvocationHandler() {...},39,0,2,0,1,0,3,0,2,0
org.apache.xmlgraphics:xmlgraphics-commons,org.apache.xmlgraphics.xmp,XMPPacketParser,426,0,82,0,50,0,46,0,5,0
org.apache.xmlgraphics:xmlgraphics-commons,org.apache.xmlgraphics.xmp,XMPProperty.__CLR4_5_2grsgrsm6lb51c3,105,35,1,1,0,1,5,1,4,1
org.apache.xmlgraphics:xmlgraphics-commons,org.apache.xmlgraphics.xmp,XMPSchema.__CLR4_5_2guvguvm6lb51c9,105,35,1,1,0,1,5,1,4,1
org.apache.xmlgraphics:xmlgraphics-commons,org.apache.xmlgraphics.xmp,XMPArray.__CLR4_5_2gfjgfjm6lb51a0,105,35,1,1,0,1,5,1,4,1
org.apache.xmlgraphics:xmlgraphics-commons,org.apache.xmlgraphics.xmp,XMPSchemaRegistry.__CLR4_5_2h2nh2nm6lb51dc,105,35,1,1,0,1,5,1,4,1
org.apache.xmlgraphics:xmlgraphics-commons,org.apache.xmlgraphics.xmp,XMPSchema.__CLR4_5_2guvguvm6lb51c9.new InvocationHandler() {...},39,0,2,0,1,0,3,0,2,0
org.apache.xmlgraphics:xmlgraphics-commons,org.apache.xmlgraphics.xmp,XMPHandler.__CLR4_5_2gjigjim6lb51b3,105,35,1,1,0,1,5,1,4,1
org.apache.xmlgraphics:xmlgraphics-commons,org.apache.xmlgraphics.xmp,XMPComplexValue,0,3,0,0,0,1,0,1,0,1
org.apache.xmlgraphics:xmlgraphics-commons,org.apache.xmlgraphics.xmp,XMPConstants,0,8,0,0,0,1,0,1,0,1
org.apache.xmlgraphics:xmlgraphics-commons,org.apache.xmlgraphics.xmp,Metadata,198,475,63,41,19,58,51,12,4,7
org.apache.xmlgraphics:xmlgraphics-commons,org.apache.xmlgraphics.xmp,XMPSchemaAdapter,384,1771,231,223,15,193,198,54,1,24
org.apache.xmlgraphics:xmlgraphics-commons,org.apache.xmlgraphics.xmp,XMPArrayType.__CLR4_5_2gjcgjcm6lb51a4.new InvocationHandler() {...},39,0,2,0,1,0,3,0,2,0
org.apache.xmlgraphics:xmlgraphics-commons,org.apache.xmlgraphics.xmp,XMPSchemaRegistry,0,139,0,0,0,25,0,6,0,6
org.apache.xmlgraphics:xmlgraphics-commons,org.apache.xmlgraphics.xmp,XMPArray,376,817,139,97,26,91,107,28,3,14
org.apache.xmlgraphics:xmlgraphics-commons,org.apache.xmlgraphics.xmp,XMPStructure.__CLR4_5_2h4dh4dm6lb51dy,105,35,1,1,0,1,5,1,4,1
org.apache.xmlgraphics:xmlgraphics-commons,org.apache.xmlgraphics.xmp,XMPParser.__CLR4_5_2gregrem6lb51bl.new InvocationHandler() {...},39,0,2,0,1,0,3,0,2,0
org.apache.xmlgraphics:xmlgraphics-commons,org.apache.xmlgraphics.xmp,XMPPacketParser.__CLR4_5_2gprgprm6lb51bg,140,0,2,0,1,0,6,0,5,0
org.apache.xmlgraphics:xmlgraphics-commons,org.apache.xmlgraphics.xmp,XMPHandler,434,1478,201,193,26,145,170,40,0,13
org.apache.xmlgraphics:xmlgraphics-commons,org.apache.xmlgraphics.xmp,XMPStructure,63,161,0,2,12,29,4,9,4,8
org.apache.xmlgraphics:xmlgraphics-commons,org.apache.xmlgraphics.xmp,XMPParser.__CLR4_5_2gregrem6lb51bl,105,35,1,1,0,1,5,1,4,1
org.apache.xmlgraphics:xmlgraphics-commons,org.apache.xmlgraphics.xmp,XMPArrayType,20,45,0,0,3,10,1,3,1,3
org.apache.xmlgraphics:xmlgraphics-commons,org.apache.xmlgraphics.xmp,XMPProperty.__CLR4_5_2grsgrsm6lb51c3.new InvocationHandler() {...},39,0,2,0,1,0,3,0,2,0
org.apache.xmlgraphics:xmlgraphics-commons,org.apache.xmlgraphics.xmp,XMPSchemaAdapter.__CLR4_5_2gv6gv6m6lb51d3,105,35,1,1,0,1,5,1,4,1
org.apache.xmlgraphics:xmlgraphics-commons,org.apache.xmlgraphics.xmp,XMPSerializer.__CLR4_5_2h34h34m6lb51dm.new InvocationHandler() {...},39,0,2,0,1,0,3,0,2,0
org.apache.xmlgraphics:xmlgraphics-commons,org.apache.xmlgraphics.xmp,XMPParser,8,92,0,0,2,17,1,4,1,4
org.apache.xmlgraphics:xmlgraphics-commons,org.apache.xmlgraphics.xmp,XMPStructure.__CLR4_5_2h4dh4dm6lb51dy.new InvocationHandler() {...},39,0,2,0,1,0,3,0,2,0
org.apache.xmlgraphics:xmlgraphics-commons,org.apache.xmlgraphics.xmp,XMPSerializer.__CLR4_5_2h34h34m6lb51dm,105,35,1,1,0,1,5,1,4,1
org.apache.xmlgraphics:xmlgraphics-commons,org.apache.xmlgraphics.xmp,XMPSchema,29,53,0,0,6,12,2,4,2,4
org.apache.xmlgraphics:xmlgraphics-commons,org.apache.xmlgraphics.xmp,XMPArrayType.__CLR4_5_2gjcgjcm6lb51a4,105,35,1,1,0,1,5,1,4,1
org.apache.xmlgraphics:xmlgraphics-commons,org.apache.xmlgraphics.java2d.color.profile,NamedColorProfileParser.__CLR4_5_2c2zc2zm6lb50y7,105,35,1,1,0,1,5,1,4,1
org.apache.xmlgraphics:xmlgraphics-commons,org.apache.xmlgraphics.java2d.color.profile,ColorProfileUtil.__CLR4_5_2c0uc0um6lb50xp.new InvocationHandler() {...},39,0,2,0,1,0,3,0,2,0
org.apache.xmlgraphics:xmlgraphics-commons,org.apache.xmlgraphics.java2d.color.profile,NamedColorProfileParser,218,656,52,39,19,86,43,17,1,13
org.apache.xmlgraphics:xmlgraphics-commons,org.apache.xmlgraphics.java2d.color.profile,ColorProfileUtil,267,122,45,15,30,14,35,3,5,3
org.apache.xmlgraphics:xmlgraphics-commons,org.apache.xmlgraphics.java2d.color.profile,NamedColorProfile.__CLR4_5_2c25c25m6lb50xu,105,35,1,1,0,1,5,1,4,1
org.apache.xmlgraphics:xmlgraphics-commons,org.apache.xmlgraphics.java2d.color.profile,ColorProfileUtil.__CLR4_5_2c0uc0um6lb50xp,105,35,1,1,0,1,5,1,4,1
org.apache.xmlgraphics:xmlgraphics-commons,org.apache.xmlgraphics.java2d.color.profile,NamedColorProfile.__CLR4_5_2c25c25m6lb50xu.new InvocationHandler() {...},39,0,2,0,1,0,3,0,2,0
org.apache.xmlgraphics:xmlgraphics-commons,org.apache.xmlgraphics.java2d.color.profile,NamedColorProfileParser.__CLR4_5_2c2zc2zm6lb50y7.new InvocationHandler() {...},39,0,2,0,1,0,3,0,2,0
org.apache.xmlgraphics:xmlgraphics-commons,org.apache.xmlgraphics.java2d.color.profile,NamedColorProfile,135,109,22,0,13,22,13,6,2,6
org.apache.xmlgraphics:xmlgraphics-commons,org.apache.xmlgraphics.image.loader.impl,AbstractImagePreloader.__CLR4_5_27ke7kem6lb4zty.new InvocationHandler() {...},39,0,2,0,1,0,3,0,2,0
org.apache.xmlgraphics:xmlgraphics-commons,org.apache.xmlgraphics.image.loader.impl,PreloaderJPEG,389,1023,164,93,21,127,123,14,0,4
org.apache.xmlgraphics:xmlgraphics-commons,org.apache.xmlgraphics.image.loader.impl,ImageLoaderRawCCITTFax.__CLR4_5_283m83mm6lb501b,105,35,1,1,0,1,5,1,4,1
org.apache.xmlgraphics:xmlgraphics-commons,org.apache.xmlgraphics.image.loader.impl,ImageLoaderFactoryPNG.__CLR4_5_27ys7ysm6lb4zyv.new InvocationHandler() {...},39,0,2,0,1,0,3,0,2,0
org.apache.xmlgraphics:xmlgraphics-commons,org.apache.xmlgraphics.image.loader.impl,AbstractImageLoader,33,60,11,3,2,11,7,5,0,5
org.apache.xmlgraphics:xmlgraphics-commons,org.apache.xmlgraphics.image.loader.impl,DefaultImageSessionContext.__CLR4_5_27rs7rsm6lb4zw8,105,35,1,1,0,1,5,1,4,1
org.apache.xmlgraphics:xmlgraphics-commons,org.apache.xmlgraphics.image.loader.impl,ImageXMLDOM.__CLR4_5_28f68f6m6lb5057,140,0,2,0,1,0,6,0,5,0
org.apache.xmlgraphics:xmlgraphics-commons,org.apache.xmlgraphics.image.loader.impl,PNGFile.__CLR4_5_28gc8gcm6lb5067,105,35,1,1,0,1,5,1,4,1
org.apache.xmlgraphics:xmlgraphics-commons,org.apache.xmlgraphics.image.loader.impl,ImageRawStream.SingleStreamFactory,19,94,7,3,1,19,5,5,0,5
org.apache.xmlgraphics:xmlgraphics-commons,org.apache.xmlgraphics.image.loader.impl,ImageLoaderFactoryPNG.__CLR4_5_27ys7ysm6lb4zyv,105,35,1,1,0,1,5,1,4,1
org.apache.xmlgraphics:xmlgraphics-commons,org.apache.xmlgraphics.image.loader.impl,AbstractImageLoaderFactory,20,18,0,0,4,4,1,3,1,3
org.apache.xmlgraphics:xmlgraphics-commons,org.apache.xmlgraphics.image.loader.impl,ImageConverterRendered2PNG.__CLR4_5_27wl7wlm6lb4zy7,105,35,1,1,0,1,5,1,4,1
org.apache.xmlgraphics:xmlgraphics-commons,org.apache.xmlgraphics.image.loader.impl,ImageRawStream.__CLR4_5_28d28d2m6lb504t,105,35,1,1,0,1,5,1,4,1
org.apache.xmlgraphics:xmlgraphics-commons,org.apache.xmlgraphics.image.loader.impl,PreloaderBMP,28,297,20,24,1,37,18,8,0,4
org.apache.xmlgraphics:xmlgraphics-commons,org.apache.xmlgraphics.image.loader.impl,ImageLoaderRawCCITTFax.FillOrderChangeInputStream,1190,0,30,0,17,0,19,0,4,0
org.apache.xmlgraphics:xmlgraphics-commons,org.apache.xmlgraphics.image.loader.impl,PreloaderGIF.__CLR4_5_28rv8rvm6lb508r,105,35,1,1,0,1,5,1,4,1
org.apache.xmlgraphics:xmlgraphics-commons,org.apache.xmlgraphics.image.loader.impl,ImageConverterBitmap2G2D.Graphics2DImagePainterImpl,133,0,12,0,18,0,9,0,3,0
org.apache.xmlgraphics:xmlgraphics-commons,org.apache.xmlgraphics.image.loader.impl,PreloaderTIFF.__CLR4_5_28ye8yem6lb50c7,105,35,1,1,0,1,5,1,4,1
org.apache.xmlgraphics:xmlgraphics-commons,org.apache.xmlgraphics.image.loader.impl,ImageRawStream.__CLR4_5_28d28d2m6lb504t.new InvocationHandler() {...},39,0,2,0,1,0,3,0,2,0
org.apache.xmlgraphics:xmlgraphics-commons,org.apache.xmlgraphics.image.loader.impl,ImageRawStream,78,130,14,8,11,21,11,9,2,7
org.apache.xmlgraphics:xmlgraphics-commons,org.apache.xmlgraphics.image.loader.impl,ImageConverterBitmap2G2D.__CLR4_5_27si7sim6lb4zwm,105,35,1,1,0,1,5,1,4,1
org.apache.xmlgraphics:xmlgraphics-commons,org.apache.xmlgraphics.image.loader.impl,ImageConverterBuffered2Rendered,15,87,7,3,0,17,5,6,0,6
org.apache.xmlgraphics:xmlgraphics-commons,org.apache.xmlgraphics.image.loader.impl,PreloaderGIF.__CLR4_5_28rv8rvm6lb508r.new InvocationHandler() {...},39,0,2,0,1,0,3,0,2,0
org.apache.xmlgraphics:xmlgraphics-commons,org.apache.xmlgraphics.image.loader.impl,ImageGraphics2D.__CLR4_5_27x47x4m6lb4zyc,105,35,1,1,0,1,5,1,4,1
org.apache.xmlgraphics:xmlgraphics-commons,org.apache.xmlgraphics.image.loader.impl,ImageLoaderRawPNG.__CLR4_5_28aq8aqm6lb503d,105,35,1,1,0,1,5,1,4,1
org.apache.xmlgraphics:xmlgraphics-commons,org.apache.xmlgraphics.image.loader.impl,ImageRawCCITTFax.__CLR4_5_28b58b5m6lb503n.new InvocationHandler() {...},39,0,2,0,1,0,3,0,2,0
org.apache.xmlgraphics:xmlgraphics-commons,org.apache.xmlgraphics.image.loader.impl,PreloaderBMP.__CLR4_5_28m88m8m6lb506l.new InvocationHandler() {...},39,0,2,0,1,0,3,0,2,0
org.apache.xmlgraphics:xmlgraphics-commons,org.apache.xmlgraphics.image.loader.impl,AbstractImageSessionContext.UnrestrictedFallbackResolver,305,322,78,48,26,41,58,8,0,3
org.apache.xmlgraphics:xmlgraphics-commons,org.apache.xmlgraphics.image.loader.impl,AbstractImageLoader.__CLR4_5_27jy7jym6lb4ztm.new InvocationHandler() {...},39,0,2,0,1,0,3,0,2,0
org.apache.xmlgraphics:xmlgraphics-commons,org.apache.xmlgraphics.image.loader.impl,PreloaderJPEG.__CLR4_5_28sp8spm6lb50b2,105,35,1,1,0,1,5,1,4,1
org.apache.xmlgraphics:xmlgraphics-commons,org.apache.xmlgraphics.image.loader.impl,AbstractImageConverter.__CLR4_5_27jr7jrm6lb4ztg,105,35,1,1,0,1,5,1,4,1
org.apache.xmlgraphics:xmlgraphics-commons,org.apache.xmlgraphics.image.loader.impl,PreloaderRawPNG.__CLR4_5_28xs8xsm6lb50b9,105,35,1,1,0,1,5,1,4,1
org.apache.xmlgraphics:xmlgraphics-commons,org.apache.xmlgraphics.image.loader.impl,ImageRendered.__CLR4_5_28ej8ejm6lb5050,105,35,1,1,0,1,5,1,4,1
org.apache.xmlgraphics:xmlgraphics-commons,org.apache.xmlgraphics.image.loader.impl,ImageXMLDOM.__CLR4_5_28f68f6m6lb5057.new InvocationHandler() {...},39,0,2,0,1,0,3,0,2,0
org.apache.xmlgraphics:xmlgraphics-commons,org.apache.xmlgraphics.image.loader.impl,PreloaderGIF,22,248,17,17,1,29,15,7,0,5
org.apache.xmlgraphics:xmlgraphics-commons,org.apache.xmlgraphics.image.loader.impl,ImageLoaderRawCCITTFax,187,358,66,26,12,50,47,4,0,4
org.apache.xmlgraphics:xmlgraphics-commons,org.apache.xmlgraphics.image.loader.impl,ImageRawEPS.__CLR4_5_28bc8bcm6lb503s.new InvocationHandler() {...},39,0,2,0,1,0,3,0,2,0
org.apache.xmlgraphics:xmlgraphics-commons,org.apache.xmlgraphics.image.loader.impl,DefaultImageSessionContext,25,129,4,6,5,21,5,6,1,5
org.apache.xmlgraphics:xmlgraphics-commons,org.apache.xmlgraphics.image.loader.impl,PreloaderRawPNG,38,124,14,6,2,19,10,4,0,4
org.apache.xmlgraphics:xmlgraphics-commons,org.apache.xmlgraphics.image.loader.impl,ImageRawEPS,36,17,0,0,6,3,2,2,2,2
org.apache.xmlgraphics:xmlgraphics-commons,org.apache.xmlgraphics.image.loader.impl,ImageLoaderFactoryInternalTIFF.__CLR4_5_27yg7ygm6lb4zyr,105,35,1,1,0,1,5,1,4,1
org.apache.xmlgraphics:xmlgraphics-commons,org.apache.xmlgraphics.image.loader.impl,AbstractImageSessionContext.new PrivilegedAction() {...},0,30,0,0,0,6,0,2,0,2
org.apache.xmlgraphics:xmlgraphics-commons,org.apache.xmlgraphics.image.loader.impl,ImageGraphics2D.__CLR4_5_27x47x4m6lb4zyc.new InvocationHandler() {...},39,0,2,0,1,0,3,0,2,0
org.apache.xmlgraphics:xmlgraphics-commons,org.apache.xmlgraphics.image.loader.impl,ImageLoaderRaw,98,16,10,0,12,4,7,2,2,2
org.apache.xmlgraphics:xmlgraphics-commons,org.apache.xmlgraphics.image.loader.impl,PreloaderJPEG.__CLR4_5_28sp8spm6lb50b2.new InvocationHandler() {...},39,0,2,0,1,0,3,0,2,0
org.apache.xmlgraphics:xmlgraphics-commons,org.apache.xmlgraphics.image.loader.impl,ImageLoaderEPS.__CLR4_5_27xk7xkm6lb4zyi.new InvocationHandler() {...},39,0,2,0,1,0,3,0,2,0
org.apache.xmlgraphics:xmlgraphics-commons,org.apache.xmlgraphics.image.loader.impl,AbstractImageSessionContext.ObservingImageInputStreamInvocationHandler,45,55,7,3,6,9,5,2,0,2
org.apache.xmlgraphics:xmlgraphics-commons,org.apache.xmlgraphics.image.loader.impl,ImageLoaderFactoryEPS,26,86,7,3,1,16,5,6,0,6
org.apache.xmlgraphics:xmlgraphics-commons,org.apache.xmlgraphics.image.loader.impl,ImageLoaderRawCCITTFax.__CLR4_5_283m83mm6lb501b.new InvocationHandler() {...},39,0,2,0,1,0,3,0,2,0
org.apache.xmlgraphics:xmlgraphics-commons,org.apache.xmlgraphics.image.loader.impl,ImageLoaderRawJPEG,661,619,169,60,52,90,116,8,1,4
org.apache.xmlgraphics:xmlgraphics-commons,org.apache.xmlgraphics.image.loader.impl,ImageLoaderInternalTIFF.__CLR4_5_282k82km6lb5000,105,35,1,1,0,1,5,1,4,1
org.apache.xmlgraphics:xmlgraphics-commons,org.apache.xmlgraphics.image.loader.impl,PreloaderTIFF.__CLR4_5_28ye8yem6lb50c7.new InvocationHandler() {...},39,0,2,0,1,0,3,0,2,0
org.apache.xmlgraphics:xmlgraphics-commons,org.apache.xmlgraphics.image.loader.impl,ImageXMLDOM,119,0,0,0,23,0,7,0,7,0
org.apache.xmlgraphics:xmlgraphics-commons,org.apache.xmlgraphics.image.loader.impl,JPEGFile.__CLR4_5_28fo8fom6lb505j,105,35,1,1,0,1,5,1,4,1
org.apache.xmlgraphics:xmlgraphics-commons,org.apache.xmlgraphics.image.loader.impl,ImageRawPNG.__CLR4_5_28bx8bxm6lb5049,105,35,1,1,0,1,5,1,4,1
org.apache.xmlgraphics:xmlgraphics-commons,org.apache.xmlgraphics.image.loader.impl,ImageLoaderRawJPEG.__CLR4_5_2867867m6lb5034.new InvocationHandler() {...},39,0,2,0,1,0,3,0,2,0
org.apache.xmlgraphics:xmlgraphics-commons,org.apache.xmlgraphics.image.loader.impl,AbstractImage,85,44,10,0,11,10,8,4,3,4
org.apache.xmlgraphics:xmlgraphics-commons,org.apache.xmlgraphics.image.loader.impl,AbstractImageSessionContext.__CLR4_5_27kq7kqm6lb4zve,105,35,1,1,0,1,5,1,4,1
org.apache.xmlgraphics:xmlgraphics-commons,org.apache.xmlgraphics.image.loader.impl,AbstractImageConverter.__CLR4_5_27jr7jrm6lb4ztg.new InvocationHandler() {...},39,0,2,0,1,0,3,0,2,0
org.apache.xmlgraphics:xmlgraphics-commons,org.apache.xmlgraphics.image.loader.impl,ImageBuffered.__CLR4_5_27sc7scm6lb4zwd,105,35,1,1,0,1,5,1,4,1
org.apache.xmlgraphics:xmlgraphics-commons,org.apache.xmlgraphics.image.loader.impl,PreloaderEPS.__CLR4_5_28oi8oim6lb508a,105,35,1,1,0,1,5,1,4,1
org.apache.xmlgraphics:xmlgraphics-commons,org.apache.xmlgraphics.image.loader.impl,ImageRawJPEG.__CLR4_5_28bj8bjm6lb503y,105,35,1,1,0,1,5,1,4,1
org.apache.xmlgraphics:xmlgraphics-commons,org.apache.xmlgraphics.image.loader.impl,ImageRawCCITTFax.__CLR4_5_28b58b5m6lb503n,105,35,1,1,0,1,5,1,4,1
org.apache.xmlgraphics:xmlgraphics-commons,org.apache.xmlgraphics.image.loader.impl,ImageLoaderEPS,23,132,11,9,1,19,9,5,0,4
org.apache.xmlgraphics:xmlgraphics-commons,org.apache.xmlgraphics.image.loader.impl,CompositeImageLoader,274,165,68,18,22,19,44,5,2,4
org.apache.xmlgraphics:xmlgraphics-commons,org.apache.xmlgraphics.image.loader.impl,ImageRendered,3,156,4,6,0,29,4,9,0,8
org.apache.xmlgraphics:xmlgraphics-commons,org.apache.xmlgraphics.image.loader.impl,PreloaderEPS.__CLR4_5_28oi8oim6lb508a.new InvocationHandler() {...},39,0,2,0,1,0,3,0,2,0
org.apache.xmlgraphics:xmlgraphics-commons,org.apache.xmlgraphics.image.loader.impl,AbstractImageLoaderFactory.__CLR4_5_27k97k9m6lb4ztr,105,35,1,1,0,1,5,1,4,1
org.apache.xmlgraphics:xmlgraphics-commons,org.apache.xmlgraphics.image.loader.impl,CompositeImageLoader.__CLR4_5_27q77q7m6lb4zvu.new InvocationHandler() {...},39,0,2,0,1,0,3,0,2,0
org.apache.xmlgraphics:xmlgraphics-commons,org.apache.xmlgraphics.image.loader.impl,AbstractImageSessionContext.__CLR4_5_27kq7kqm6lb4zve.new InvocationHandler() {...},39,0,2,0,1,0,3,0,2,0
org.apache.xmlgraphics:xmlgraphics-commons,org.apache.xmlgraphics.image.loader.impl,AbstractImagePreloader,18,69,7,3,1,12,5,4,0,4
org.apache.xmlgraphics:xmlgraphics-commons,org.apache.xmlgraphics.image.loader.impl,ImageLoaderFactoryPNG,3,114,4,6,0,19,4,7,0,6
org.apache.xmlgraphics:xmlgraphics-commons,org.apache.xmlgraphics.image.loader.impl,ImageLoaderPNG.__CLR4_5_282x82xm6lb5008.new InvocationHandler() {...},39,0,2,0,1,0,3,0,2,0
org.apache.xmlgraphics:xmlgraphics-commons,org.apache.xmlgraphics.image.loader.impl,ImageLoaderInternalTIFF.__CLR4_5_282k82km6lb5000.new InvocationHandler() {...},39,0,2,0,1,0,3,0,2,0
org.apache.xmlgraphics:xmlgraphics-commons,org.apache.xmlgraphics.image.loader.impl,ImageLoaderFactoryRaw.__CLR4_5_27z57z5m6lb4zzc,105,35,1,1,0,1,5,1,4,1
org.apache.xmlgraphics:xmlgraphics-commons,org.apache.xmlgraphics.image.loader.impl,ImageLoaderFactoryRaw.__CLR4_5_27z57z5m6lb4zzc.new InvocationHandler() {...},39,0,2,0,1,0,3,0,2,0
org.apache.xmlgraphics:xmlgraphics-commons,org.apache.xmlgraphics.image.loader.impl,ImageRawEPS.__CLR4_5_28bc8bcm6lb503s,105,35,1,1,0,1,5,1,4,1
org.apache.xmlgraphics:xmlgraphics-commons,org.apache.xmlgraphics.image.loader.impl,ImageConverterG2D2Bitmap.__CLR4_5_27tn7tnm6lb4zxx,105,35,1,1,0,1,5,1,4,1
org.apache.xmlgraphics:xmlgraphics-commons,org.apache.xmlgraphics.image.loader.impl,ImageLoaderPNG.__CLR4_5_282x82xm6lb5008,105,35,1,1,0,1,5,1,4,1
org.apache.xmlgraphics:xmlgraphics-commons,org.apache.xmlgraphics.image.loader.impl,PreloaderRawPNG.__CLR4_5_28xs8xsm6lb50b9.new InvocationHandler() {...},39,0,2,0,1,0,3,0,2,0
org.apache.xmlgraphics:xmlgraphics-commons,org.apache.xmlgraphics.image.loader.impl,AbstractImageSessionContext.RestrictedFallbackResolver,123,0,30,0,10,0,17,0,2,0
org.apache.xmlgraphics:xmlgraphics-commons,org.apache.xmlgraphics.image.loader.impl,ImageLoaderInternalTIFF,74,26,0,0,13,7,2,3,2,3
org.apache.xmlgraphics:xmlgraphics-commons,org.apache.xmlgraphics.image.loader.impl,ImageLoaderFactoryEPS.__CLR4_5_27y47y4m6lb4zyn.new InvocationHandler() {...},39,0,2,0,1,0,3,0,2,0
org.apache.xmlgraphics:xmlgraphics-commons,org.apache.xmlgraphics.image.loader.impl,ImageLoaderPNG,0,91,0,0,0,17,0,5,0,5
org.apache.xmlgraphics:xmlgraphics-commons,org.apache.xmlgraphics.image.loader.impl,AbstractImageSessionContext,304,533,92,56,24,66,70,15,1,10
org.apache.xmlgraphics:xmlgraphics-commons,org.apache.xmlgraphics.image.loader.impl,ImageRawStream.ByteArrayStreamFactory,6,42,0,0,2,9,1,3,1,3
org.apache.xmlgraphics:xmlgraphics-commons,org.apache.xmlgraphics.image.loader.impl,ImageRendered.__CLR4_5_28ej8ejm6lb5050.new InvocationHandler() {...},39,0,2,0,1,0,3,0,2,0
org.apache.xmlgraphics:xmlgraphics-commons,org.apache.xmlgraphics.image.loader.impl,DefaultImageSessionContext.__CLR4_5_27rs7rsm6lb4zw8.new InvocationHandler() {...},39,0,2,0,1,0,3,0,2,0
org.apache.xmlgraphics:xmlgraphics-commons,org.apache.xmlgraphics.image.loader.impl,ImageLoaderFactoryInternalTIFF.__CLR4_5_27yg7ygm6lb4zyr.new InvocationHandler() {...},39,0,2,0,1,0,3,0,2,0
org.apache.xmlgraphics:xmlgraphics-commons,org.apache.xmlgraphics.image.loader.impl,AbstractImageLoaderFactory.__CLR4_5_27k97k9m6lb4ztr.new InvocationHandler() {...},39,0,2,0,1,0,3,0,2,0
org.apache.xmlgraphics:xmlgraphics-commons,org.apache.xmlgraphics.image.loader.impl,AbstractImage.__CLR4_5_27jb7jbm6lb4zta.new InvocationHandler() {...},39,0,2,0,1,0,3,0,2,0
org.apache.xmlgraphics:xmlgraphics-commons,org.apache.xmlgraphics.image.loader.impl,ImageConverterG2D2Bitmap,319,543,81,38,29,66,58,10,1,7
org.apache.xmlgraphics:xmlgraphics-commons,org.apache.xmlgraphics.image.loader.impl,ImageRawJPEG.__CLR4_5_28bj8bjm6lb503y.new InvocationHandler() {...},39,0,2,0,1,0,3,0,2,0
org.apache.xmlgraphics:xmlgraphics-commons,org.apache.xmlgraphics.image.loader.impl,PreloaderEPS,134,652,70,64,6,87,58,15,0,5
org.apache.xmlgraphics:xmlgraphics-commons,org.apache.xmlgraphics.image.loader.impl,ImageConverterBitmap2G2D.__CLR4_5_27si7sim6lb4zwm.new InvocationHandler() {...},39,0,2,0,1,0,3,0,2,0
org.apache.xmlgraphics:xmlgraphics-commons,org.apache.xmlgraphics.image.loader.impl,PreloaderEMF,22,285,13,15,1,37,11,7,0,4
org.apache.xmlgraphics:xmlgraphics-commons,org.apache.xmlgraphics.image.loader.impl,ImageConverterRendered2PNG.__CLR4_5_27wl7wlm6lb4zy7.new InvocationHandler() {...},39,0,2,0,1,0,3,0,2,0
org.apache.xmlgraphics:xmlgraphics-commons,org.apache.xmlgraphics.image.loader.impl,PreloaderEMF.__CLR4_5_28nf8nfm6lb507a,105,35,1,1,0,1,5,1,4,1
org.apache.xmlgraphics:xmlgraphics-commons,org.apache.xmlgraphics.image.loader.impl,ImageLoaderFactoryEPS.__CLR4_5_27y47y4m6lb4zyn,105,35,1,1,0,1,5,1,4,1
org.apache.xmlgraphics:xmlgraphics-commons,org.apache.xmlgraphics.image.loader.impl,ImageLoaderRawPNG,3,115,4,6,0,18,4,5,0,4
org.apache.xmlgraphics:xmlgraphics-commons,org.apache.xmlgraphics.image.loader.impl,ImageLoaderRawPNG.__CLR4_5_28aq8aqm6lb503d.new InvocationHandler() {...},39,0,2,0,1,0,3,0,2,0
org.apache.xmlgraphics:xmlgraphics-commons,org.apache.xmlgraphics.image.loader.impl,ImageLoaderFactoryRawCCITTFax.__CLR4_5_2810810m6lb4zzs.new InvocationHandler() {...},39,0,2,0,1,0,3,0,2,0
org.apache.xmlgraphics:xmlgraphics-commons,org.apache.xmlgraphics.image.loader.impl,AbstractImageConverter,27,41,7,3,1,7,5,4,0,4
org.apache.xmlgraphics:xmlgraphics-commons,org.apache.xmlgraphics.image.loader.impl,ImageRawPNG,186,106,20,0,28,22,17,6,7,6
org.apache.xmlgraphics:xmlgraphics-commons,org.apache.xmlgraphics.image.loader.impl,AbstractImage.__CLR4_5_27jb7jbm6lb4zta,105,35,1,1,0,1,5,1,4,1
org.apache.xmlgraphics:xmlgraphics-commons,org.apache.xmlgraphics.image.loader.impl,PreloaderEMF.__CLR4_5_28nf8nfm6lb507a.new InvocationHandler() {...},39,0,2,0,1,0,3,0,2,0
org.apache.xmlgraphics:xmlgraphics-commons,org.apache.xmlgraphics.image.loader.impl,ImageLoaderRaw.__CLR4_5_2839839m6lb500e.new InvocationHandler() {...},39,0,2,0,1,0,3,0,2,0
org.apache.xmlgraphics:xmlgraphics-commons,org.apache.xmlgraphics.image.loader.impl,ImageConverterBuffered2Rendered.__CLR4_5_27tb7tbm6lb4zwt.new InvocationHandler() {...},39,0,2,0,1,0,3,0,2,0
org.apache.xmlgraphics:xmlgraphics-commons,org.apache.xmlgraphics.image.loader.impl,DefaultImageContext.__CLR4_5_27rk7rkm6lb4zw0.new InvocationHandler() {...},39,0,2,0,1,0,3,0,2,0
org.apache.xmlgraphics:xmlgraphics-commons,org.apache.xmlgraphics.image.loader.impl,ImageLoaderRaw.__CLR4_5_2839839m6lb500e,105,35,1,1,0,1,5,1,4,1
org.apache.xmlgraphics:xmlgraphics-commons,org.apache.xmlgraphics.image.loader.impl,AbstractImageLoader.__CLR4_5_27jy7jym6lb4ztm,105,35,1,1,0,1,5,1,4,1
org.apache.xmlgraphics:xmlgraphics-commons,org.apache.xmlgraphics.image.loader.impl,ImageLoaderFactoryRawCCITTFax.__CLR4_5_2810810m6lb4zzs,105,35,1,1,0,1,5,1,4,1
org.apache.xmlgraphics:xmlgraphics-commons,org.apache.xmlgraphics.image.loader.impl,ImageLoaderFactoryRaw,201,479,81,51,10,43,61,13,0,8
org.apache.xmlgraphics:xmlgraphics-commons,org.apache.xmlgraphics.image.loader.impl,CompositeImageLoader.__CLR4_5_27q77q7m6lb4zvu,105,35,1,1,0,1,5,1,4,1
org.apache.xmlgraphics:xmlgraphics-commons,org.apache.xmlgraphics.image.loader.impl,ImageRawCCITTFax,13,36,0,0,3,7,1,3,1,3
org.apache.xmlgraphics:xmlgraphics-commons,org.apache.xmlgraphics.image.loader.impl,ImageLoaderFactoryInternalTIFF,26,86,7,3,1,16,5,6,0,6
org.apache.xmlgraphics:xmlgraphics-commons,org.apache.xmlgraphics.image.loader.impl,PreloaderBMP.__CLR4_5_28m88m8m6lb506l,105,35,1,1,0,1,5,1,4,1
org.apache.xmlgraphics:xmlgraphics-commons,org.apache.xmlgraphics.image.loader.impl,ImageRawPNG.__CLR4_5_28bx8bxm6lb5049.new InvocationHandler() {...},39,0,2,0,1,0,3,0,2,0
org.apache.xmlgraphics:xmlgraphics-commons,org.apache.xmlgraphics.image.loader.impl,PNGFile,629,1195,215,145,43,115,167,23,2,6
org.apache.xmlgraphics:xmlgraphics-commons,org.apache.xmlgraphics.image.loader.impl,ImageRawJPEG,26,67,0,0,6,13,2,4,2,4
org.apache.xmlgraphics:xmlgraphics-commons,org.apache.xmlgraphics.image.loader.impl,PNGFile.__CLR4_5_28gc8gcm6lb5067.new InvocationHandler() {...},39,0,2,0,1,0,3,0,2,0
org.apache.xmlgraphics:xmlgraphics-commons,org.apache.xmlgraphics.image.loader.impl,PreloaderEPS.EPSBinaryFileHeader,90,29,4,0,18,7,8,3,6,3
org.apache.xmlgraphics:xmlgraphics-commons,org.apache.xmlgraphics.image.loader.impl,ImageGraphics2D,52,58,10,0,6,13,6,5,1,5
org.apache.xmlgraphics:xmlgraphics-commons,org.apache.xmlgraphics.image.loader.impl,ImageConverterBuffered2Rendered.__CLR4_5_27tb7tbm6lb4zwt,105,35,1,1,0,1,5,1,4,1
org.apache.xmlgraphics:xmlgraphics-commons,org.apache.xmlgraphics.image.loader.impl,ImageConverterRendered2PNG,35,131,14,6,1,20,10,5,0,5
org.apache.xmlgraphics:xmlgraphics-commons,org.apache.xmlgraphics.image.loader.impl,ImageLoaderFactoryRawCCITTFax,269,259,80,26,16,32,53,9,1,7
org.apache.xmlgraphics:xmlgraphics-commons,org.apache.xmlgraphics.image.loader.impl,JPEGFile.__CLR4_5_28fo8fom6lb505j.new InvocationHandler() {...},39,0,2,0,1,0,3,0,2,0
org.apache.xmlgraphics:xmlgraphics-commons,org.apache.xmlgraphics.image.loader.impl,ImageLoaderEPS.__CLR4_5_27xk7xkm6lb4zyi,105,35,1,1,0,1,5,1,4,1
org.apache.xmlgraphics:xmlgraphics-commons,org.apache.xmlgraphics.image.loader.impl,ImageConverterG2D2Bitmap.__CLR4_5_27tn7tnm6lb4zxx.new InvocationHandler() {...},39,0,2,0,1,0,3,0,2,0
org.apache.xmlgraphics:xmlgraphics-commons,org.apache.xmlgraphics.image.loader.impl,ImageConverterBitmap2G2D,70,30,10,0,8,7,6,4,1,4
org.apache.xmlgraphics:xmlgraphics-commons,org.apache.xmlgraphics.image.loader.impl,DefaultImageContext,64,0,10,0,10,0,8,0,3,0
org.apache.xmlgraphics:xmlgraphics-commons,org.apache.xmlgraphics.image.loader.impl,ImageLoaderRawJPEG.__CLR4_5_2867867m6lb5034,105,35,1,1,0,1,5,1,4,1
org.apache.xmlgraphics:xmlgraphics-commons,org.apache.xmlgraphics.image.loader.impl,AbstractImagePreloader.__CLR4_5_27ke7kem6lb4zty,105,35,1,1,0,1,5,1,4,1
org.apache.xmlgraphics:xmlgraphics-commons,org.apache.xmlgraphics.image.loader.impl,ImageBuffered,0,43,0,0,0,9,0,4,0,4
org.apache.xmlgraphics:xmlgraphics-commons,org.apache.xmlgraphics.image.loader.impl,JPEGFile,54,125,14,6,6,24,12,5,2,5
org.apache.xmlgraphics:xmlgraphics-commons,org.apache.xmlgraphics.image.loader.impl,PreloaderTIFF,359,649,132,72,22,74,97,9,0,4
org.apache.xmlgraphics:xmlgraphics-commons,org.apache.xmlgraphics.image.loader.impl,DefaultImageContext.__CLR4_5_27rk7rkm6lb4zw0,140,0,2,0,1,0,6,0,5,0
org.apache.xmlgraphics:xmlgraphics-commons,org.apache.xmlgraphics.image.loader.impl,ImageBuffered.__CLR4_5_27sc7scm6lb4zwd.new InvocationHandler() {...},39,0,2,0,1,0,3,0,2,0
org.apache.xmlgraphics:xmlgraphics-commons,org.apache.xmlgraphics.image.codec.png,PNGRed,11287,0,1986,0,1022,0,1043,0,33,0
org.apache.xmlgraphics:xmlgraphics-commons,org.apache.xmlgraphics.image.codec.png,PNGSuggestedPaletteEntry,3,0,0,0,1,0,1,0,1,0
org.apache.xmlgraphics:xmlgraphics-commons,org.apache.xmlgraphics.image.codec.png,ChunkStream.__CLR4_5_227z28lm6lb4y6r.new InvocationHandler() {...},39,0,2,0,1,0,3,0,2,0
org.apache.xmlgraphics:xmlgraphics-commons,org.apache.xmlgraphics.image.codec.png,PNGDecodeParam.__CLR4_5_2swswm6lb4xmw.new InvocationHandler() {...},39,0,2,0,1,0,3,0,2,0
org.apache.xmlgraphics:xmlgraphics-commons,org.apache.xmlgraphics.image.codec.png,CRC,20,182,16,24,2,17,17,6,1,2
org.apache.xmlgraphics:xmlgraphics-commons,org.apache.xmlgraphics.image.codec.png,IDATOutputStream,92,291,25,15,9,37,20,8,2,6
org.apache.xmlgraphics:xmlgraphics-commons,org.apache.xmlgraphics.image.codec.png,IDATOutputStream.__CLR4_5_227z2a9m6lb4y6s.new InvocationHandler() {...},39,0,2,0,1,0,3,0,2,0
org.apache.xmlgraphics:xmlgraphics-commons,org.apache.xmlgraphics.image.codec.png,PNGImageDecoder.__CLR4_5_2187187m6lb4y0g.new InvocationHandler() {...},39,0,2,0,1,0,3,0,2,0
org.apache.xmlgraphics:xmlgraphics-commons,org.apache.xmlgraphics.image.codec.png,PNGChunk.__CLR4_5_2r2r2m6lb4xm1.new InvocationHandler() {...},39,0,2,0,1,0,3,0,2,0
org.apache.xmlgraphics:xmlgraphics-commons,org.apache.xmlgraphics.image.codec.png,ChunkStream.__CLR4_5_227z28lm6lb4y6r,105,34,1,1,0,1,5,1,4,1
org.apache.xmlgraphics:xmlgraphics-commons,org.apache.xmlgraphics.image.codec.png,PNGImageEncoder.__CLR4_5_227z2bim6lb4y6s.new InvocationHandler() {...},39,0,2,0,1,0,3,0,2,0
org.apache.xmlgraphics:xmlgraphics-commons,org.apache.xmlgraphics.image.codec.png,PNGRed.__CLR4_5_22sw2swm6lb4yfm,140,0,2,0,1,0,6,0,5,0
org.apache.xmlgraphics:xmlgraphics-commons,org.apache.xmlgraphics.image.codec.png,PNGDecodeParam,193,124,20,0,34,29,20,10,10,10
org.apache.xmlgraphics:xmlgraphics-commons,org.apache.xmlgraphics.image.codec.png,CRC.__CLR4_5_227z27zm6lb4y6q,105,35,1,1,0,1,5,1,4,1
org.apache.xmlgraphics:xmlgraphics-commons,org.apache.xmlgraphics.image.codec.png,ChunkStream,180,253,14,6,36,38,22,6,12,6
org.apache.xmlgraphics:xmlgraphics-commons,org.apache.xmlgraphics.image.codec.png,PNGImage.__CLR4_5_218718zm6lb4y0g,105,34,1,1,0,1,5,1,4,1
org.apache.xmlgraphics:xmlgraphics-commons,org.apache.xmlgraphics.image.codec.png,PNGEncodeParam.Palette,499,0,88,0,59,0,56,0,12,0
org.apache.xmlgraphics:xmlgraphics-commons,org.apache.xmlgraphics.image.codec.png,PNGChunk.__CLR4_5_2r2r2m6lb4xm1,105,35,1,1,0,1,5,1,4,1
org.apache.xmlgraphics:xmlgraphics-commons,org.apache.xmlgraphics.image.codec.png,PNGChunk,154,407,7,3,23,61,9,12,4,12
org.apache.xmlgraphics:xmlgraphics-commons,org.apache.xmlgraphics.image.codec.png,PNGEncodeParam,1951,830,341,65,240,107,243,26,46,20
org.apache.xmlgraphics:xmlgraphics-commons,org.apache.xmlgraphics.image.codec.png,PNGEncodeParam.RGB,240,21,42,0,29,4,27,2,6,2
org.apache.xmlgraphics:xmlgraphics-commons,org.apache.xmlgraphics.image.codec.png,PNGImage.__CLR4_5_218718zm6lb4y0g.new InvocationHandler() {...},39,0,2,0,1,0,3,0,2,0
org.apache.xmlgraphics:xmlgraphics-commons,org.apache.xmlgraphics.image.codec.png,PNGImage,7830,3588,1686,324,646,352,1009,43,14,16
org.apache.xmlgraphics:xmlgraphics-commons,org.apache.xmlgraphics.image.codec.png,PNGRed.__CLR4_5_22sw2swm6lb4yfm.new InvocationHandler() {...},39,0,2,0,1,0,3,0,2,0
org.apache.xmlgraphics:xmlgraphics-commons,org.apache.xmlgraphics.image.codec.png,PNGChunk.ChunkType,0,117,0,0,0,20,0,1,0,1
org.apache.xmlgraphics:xmlgraphics-commons,org.apache.xmlgraphics.image.codec.png,PNGEncodeParam.__CLR4_5_2u5u5m6lb4xq2.new InvocationHandler() {...},39,0,2,0,1,0,3,0,2,0
org.apache.xmlgraphics:xmlgraphics-commons,org.apache.xmlgraphics.image.codec.png,PNGDecodeParam.__CLR4_5_2swswm6lb4xmw,105,35,1,1,0,1,5,1,4,1
org.apache.xmlgraphics:xmlgraphics-commons,org.apache.xmlgraphics.image.codec.png,PNGImageDecoder.new ImageInputStreamSeekableStreamAdapter() {...},0,10,0,0,0,3,0,2,0,2
org.apache.xmlgraphics:xmlgraphics-commons,org.apache.xmlgraphics.image.codec.png,PNGImageDecoder,103,118,34,6,5,17,20,4,0,4
org.apache.xmlgraphics:xmlgraphics-commons,org.apache.xmlgraphics.image.codec.png,PNGImageEncoder.__CLR4_5_227z2bim6lb4y6s,105,34,1,1,0,1,5,1,4,1
org.apache.xmlgraphics:xmlgraphics-commons,org.apache.xmlgraphics.image.codec.png,IDATOutputStream.__CLR4_5_227z2a9m6lb4y6s,105,34,1,1,0,1,5,1,4,1
org.apache.xmlgraphics:xmlgraphics-commons,org.apache.xmlgraphics.image.codec.png,PNGImageEncoder,3576,1588,780,150,298,187,466,28,1,24
org.apache.xmlgraphics:xmlgraphics-commons,org.apache.xmlgraphics.image.codec.png,PNGEncodeParam.Gray,384,0,58,0,54,0,42,0,13,0
org.apache.xmlgraphics:xmlgraphics-commons,org.apache.xmlgraphics.image.codec.png,CRC.__CLR4_5_227z27zm6lb4y6q.new InvocationHandler() {...},39,0,2,0,1,0,3,0,2,0
org.apache.xmlgraphics:xmlgraphics-commons,org.apache.xmlgraphics.image.codec.png,PNGImageDecoder.__CLR4_5_2187187m6lb4y0g,105,35,1,1,0,1,5,1,4,1
org.apache.xmlgraphics:xmlgraphics-commons,org.apache.xmlgraphics.image.codec.png,PNGEncodeParam.__CLR4_5_2u5u5m6lb4xq2,105,35,1,1,0,1,5,1,4,1
org.apache.xmlgraphics:xmlgraphics-commons,org.apache.xmlgraphics.image.codec.png,PNGRed.PNGChunk,368,0,0,0,45,0,11,0,11,0
org.apache.xmlgraphics:xmlgraphics-commons,org.apache.xmlgraphics.image.loader.cache,DefaultExpirationPolicy.__CLR4_5_27cq7cqm6lb4zqt.new InvocationHandler() {...},39,0,2,0,1,0,3,0,2,0
org.apache.xmlgraphics:xmlgraphics-commons,org.apache.xmlgraphics.image.loader.cache,ImageKey.__CLR4_5_27hz7hzm6lb4zsx,105,35,1,1,0,1,5,1,4,1
org.apache.xmlgraphics:xmlgraphics-commons,org.apache.xmlgraphics.image.loader.cache,ImageCacheStatistics,85,294,28,12,7,51,22,14,2,14
org.apache.xmlgraphics:xmlgraphics-commons,org.apache.xmlgraphics.image.loader.cache,ImageCache.__CLR4_5_27d37d3m6lb4zru.new InvocationHandler() {...},39,0,2,0,1,0,3,0,2,0
org.apache.xmlgraphics:xmlgraphics-commons,org.apache.xmlgraphics.image.loader.cache,ImageCacheStatistics.__CLR4_5_27gl7glm6lb4zsk,105,35,1,1,0,1,5,1,4,1
org.apache.xmlgraphics:xmlgraphics-commons,org.apache.xmlgraphics.image.loader.cache,DefaultExpirationPolicy,3,106,4,10,0,15,4,8,0,5
org.apache.xmlgraphics:xmlgraphics-commons,org.apache.xmlgraphics.image.loader.cache,TimeStampProvider,0,18,0,0,0,4,0,3,0,3
org.apache.xmlgraphics:xmlgraphics-commons,org.apache.xmlgraphics.image.loader.cache,ImageKey,188,210,63,27,10,23,46,4,1,4
org.apache.xmlgraphics:xmlgraphics-commons,org.apache.xmlgraphics.image.loader.cache,DefaultExpirationPolicy.__CLR4_5_27cq7cqm6lb4zqt,105,35,1,1,0,1,5,1,4,1
org.apache.xmlgraphics:xmlgraphics-commons,org.apache.xmlgraphics.image.loader.cache,TimeStampProvider.__CLR4_5_27j97j9m6lb4zt3,105,35,1,1,0,1,5,1,4,1
org.apache.xmlgraphics:xmlgraphics-commons,org.apache.xmlgraphics.image.loader.cache,ImageCache,169,856,92,80,7,113,75,28,0,17
org.apache.xmlgraphics:xmlgraphics-commons,org.apache.xmlgraphics.image.loader.cache,ImageKey.__CLR4_5_27hz7hzm6lb4zsx.new InvocationHandler() {...},39,0,2,0,1,0,3,0,2,0
org.apache.xmlgraphics:xmlgraphics-commons,org.apache.xmlgraphics.image.loader.cache,TimeStampProvider.__CLR4_5_27j97j9m6lb4zt3.new InvocationHandler() {...},39,0,2,0,1,0,3,0,2,0
org.apache.xmlgraphics:xmlgraphics-commons,org.apache.xmlgraphics.image.loader.cache,ImageCacheStatistics.__CLR4_5_27gl7glm6lb4zsk.new InvocationHandler() {...},39,0,2,0,1,0,3,0,2,0
org.apache.xmlgraphics:xmlgraphics-commons,org.apache.xmlgraphics.image.loader.cache,ImageCache.__CLR4_5_27d37d3m6lb4zru,105,35,1,1,0,1,5,1,4,1
org.apache.xmlgraphics:xmlgraphics-commons,org.apache.xmlgraphics.image.codec.tiff,ImageType,26,477,35,53,0,60,33,22,0,9
org.apache.xmlgraphics:xmlgraphics-commons,org.apache.xmlgraphics.image.codec.tiff,TIFFFaxDecoder,13374,0,930,0,542,0,480,0,15,0
org.apache.xmlgraphics:xmlgraphics-commons,org.apache.xmlgraphics.image.codec.tiff,ExtraSamplesType,60,68,19,3,4,12,12,3,1,3
org.apache.xmlgraphics:xmlgraphics-commons,org.apache.xmlgraphics.image.codec.tiff,TIFFImageDecoder.__CLR4_5_25so5som6lb4z7a,140,0,2,0,1,0,6,0,5,0
org.apache.xmlgraphics:xmlgraphics-commons,org.apache.xmlgraphics.image.codec.tiff,TIFFImageEncoder.__CLR4_5_25sy5sym6lb4zgb,105,35,1,1,0,1,5,1,4,1
org.apache.xmlgraphics:xmlgraphics-commons,org.apache.xmlgraphics.image.codec.tiff,TIFFImage.__CLR4_5_24wh4whm6lb4z68,140,0,2,0,1,0,6,0,5,0
org.apache.xmlgraphics:xmlgraphics-commons,org.apache.xmlgraphics.image.codec.tiff,TIFFDirectory.__CLR4_5_23zg3zgm6lb4yko,105,35,1,1,0,1,5,1,4,1
org.apache.xmlgraphics:xmlgraphics-commons,org.apache.xmlgraphics.image.codec.tiff,TIFFFaxDecoder.__CLR4_5_2498498m6lb4yre,140,0,2,0,1,0,6,0,5,0
org.apache.xmlgraphics:xmlgraphics-commons,org.apache.xmlgraphics.image.codec.tiff,ImageInfo.__CLR4_5_23u43u4m6lb4yi5,105,35,1,1,0,1,5,1,4,1
org.apache.xmlgraphics:xmlgraphics-commons,org.apache.xmlgraphics.image.codec.tiff,TIFFImageEncoder,5333,2448,1292,244,405,272,762,35,5,13
org.apache.xmlgraphics:xmlgraphics-commons,org.apache.xmlgraphics.image.codec.tiff,ImageType.__CLR4_5_23xk3xkm6lb4yih.new InvocationHandler() {...},39,0,2,0,1,0,3,0,2,0
org.apache.xmlgraphics:xmlgraphics-commons,org.apache.xmlgraphics.image.codec.tiff,CompressionValue,106,97,22,0,8,17,12,3,1,3
org.apache.xmlgraphics:xmlgraphics-commons,org.apache.xmlgraphics.image.codec.tiff,TIFFDecodeParam.__CLR4_5_23yz3yzm6lb4yit.new InvocationHandler() {...},39,0,2,0,1,0,3,0,2,0
org.apache.xmlgraphics:xmlgraphics-commons,org.apache.xmlgraphics.image.codec.tiff,TIFFFaxDecoder.__CLR4_5_2498498m6lb4yre.new InvocationHandler() {...},39,0,2,0,1,0,3,0,2,0
org.apache.xmlgraphics:xmlgraphics-commons,org.apache.xmlgraphics.image.codec.tiff,ExtraSamplesType.__CLR4_5_23ts3tsm6lb4yhf,105,35,1,1,0,1,5,1,4,1
org.apache.xmlgraphics:xmlgraphics-commons,org.apache.xmlgraphics.image.codec.tiff,TIFFImage.__CLR4_5_24wh4whm6lb4z68.new InvocationHandler() {...},39,0,2,0,1,0,3,0,2,0
org.apache.xmlgraphics:xmlgraphics-commons,org.apache.xmlgraphics.image.codec.tiff,TIFFEncodeParam.__CLR4_5_247x47xm6lb4ylb.new InvocationHandler() {...},39,0,2,0,1,0,3,0,2,0
org.apache.xmlgraphics:xmlgraphics-commons,org.apache.xmlgraphics.image.codec.tiff,CompressionValue.__CLR4_5_23td3tdm6lb4yh8,105,35,1,1,0,1,5,1,4,1
org.apache.xmlgraphics:xmlgraphics-commons,org.apache.xmlgraphics.image.codec.tiff,TIFFDecodeParam.__CLR4_5_23yz3yzm6lb4yit,140,0,2,0,1,0,6,0,5,0
org.apache.xmlgraphics:xmlgraphics-commons,org.apache.xmlgraphics.image.codec.tiff,ImageType.__CLR4_5_23xk3xkm6lb4yih,105,35,1,1,0,1,5,1,4,1
org.apache.xmlgraphics:xmlgraphics-commons,org.apache.xmlgraphics.image.codec.tiff,TIFFImageDecoder.__CLR4_5_25so5som6lb4z7a.new InvocationHandler() {...},39,0,2,0,1,0,3,0,2,0
org.apache.xmlgraphics:xmlgraphics-commons,org.apache.xmlgraphics.image.codec.tiff,TIFFDirectory.__CLR4_5_23zg3zgm6lb4yko.new InvocationHandler() {...},39,0,2,0,1,0,3,0,2,0
org.apache.xmlgraphics:xmlgraphics-commons,org.apache.xmlgraphics.image.codec.tiff,TIFFImage,10357,0,2049,0,883,0,1054,0,14,0
org.apache.xmlgraphics:xmlgraphics-commons,org.apache.xmlgraphics.image.codec.tiff,TIFFLZWDecoder.__CLR4_5_26hg6hgm6lb4zh6.new InvocationHandler() {...},39,0,2,0,1,0,3,0,2,0
org.apache.xmlgraphics:xmlgraphics-commons,org.apache.xmlgraphics.image.codec.tiff,TIFFImageEncoder.Context,6,0,0,0,2,0,1,0,1,0
org.apache.xmlgraphics:xmlgraphics-commons,org.apache.xmlgraphics.image.codec.tiff,TIFFField,812,324,121,20,98,51,94,14,11,12
org.apache.xmlgraphics:xmlgraphics-commons,org.apache.xmlgraphics.image.codec.tiff,ImageInfo.__CLR4_5_23u43u4m6lb4yi5.new InvocationHandler() {...},39,0,2,0,1,0,3,0,2,0
org.apache.xmlgraphics:xmlgraphics-commons,org.apache.xmlgraphics.image.codec.tiff,TIFFImageDecoder,88,0,12,0,11,0,10,0,4,0
org.apache.xmlgraphics:xmlgraphics-commons,org.apache.xmlgraphics.image.codec.tiff,TIFFField.__CLR4_5_24sq4sqm6lb4ytp,105,35,1,1,0,1,5,1,4,1
org.apache.xmlgraphics:xmlgraphics-commons,org.apache.xmlgraphics.image.codec.tiff,TIFFImageEncoder.__CLR4_5_25sy5sym6lb4zgb.new InvocationHandler() {...},39,0,2,0,1,0,3,0,2,0
org.apache.xmlgraphics:xmlgraphics-commons,org.apache.xmlgraphics.image.codec.tiff,ImageInfo.ImageInfoBuilder,0,78,0,0,0,14,0,4,0,4
org.apache.xmlgraphics:xmlgraphics-commons,org.apache.xmlgraphics.image.codec.tiff,TIFFLZWDecoder.__CLR4_5_26hg6hgm6lb4zh6,140,0,2,0,1,0,6,0,5,0
org.apache.xmlgraphics:xmlgraphics-commons,org.apache.xmlgraphics.image.codec.tiff,CompressionValue.__CLR4_5_23td3tdm6lb4yh8.new InvocationHandler() {...},39,0,2,0,1,0,3,0,2,0
org.apache.xmlgraphics:xmlgraphics-commons,org.apache.xmlgraphics.image.codec.tiff,ExtraSamplesType.__CLR4_5_23ts3tsm6lb4yhf.new InvocationHandler() {...},39,0,2,0,1,0,3,0,2,0
org.apache.xmlgraphics:xmlgraphics-commons,org.apache.xmlgraphics.image.codec.tiff,TIFFEncodeParam,234,100,29,3,41,22,27,7,10,7
org.apache.xmlgraphics:xmlgraphics-commons,org.apache.xmlgraphics.image.codec.tiff,TIFFDecodeParam,124,0,0,0,28,0,10,0,10,0
org.apache.xmlgraphics:xmlgraphics-commons,org.apache.xmlgraphics.image.codec.tiff,TIFFDirectory,1395,1057,275,106,157,120,197,30,21,10
org.apache.xmlgraphics:xmlgraphics-commons,org.apache.xmlgraphics.image.codec.tiff,TIFFField.__CLR4_5_24sq4sqm6lb4ytp.new InvocationHandler() {...},39,0,2,0,1,0,3,0,2,0
org.apache.xmlgraphics:xmlgraphics-commons,org.apache.xmlgraphics.image.codec.tiff,TIFFEncodeParam.__CLR4_5_247x47xm6lb4ylb,105,35,1,1,0,1,5,1,4,1
org.apache.xmlgraphics:xmlgraphics-commons,org.apache.xmlgraphics.image.codec.tiff,ImageInfo,78,891,65,67,0,112,57,26,0,17
org.apache.xmlgraphics:xmlgraphics-commons,org.apache.xmlgraphics.image.codec.tiff,TIFFLZWDecoder,1047,0,158,0,102,0,88,0,9,0
org.apache.xmlgraphics:xmlgraphics-commons,org.apache.xmlgraphics.image.rendered,FormatRed.__CLR4_5_2ageagem6lb50mh,140,0,2,0,1,0,6,0,5,0
org.apache.xmlgraphics:xmlgraphics-commons,org.apache.xmlgraphics.image.rendered,Any2sRGBRed.__CLR4_5_2a94a94m6lb50li.new InvocationHandler() {...},39,0,2,0,1,0,3,0,2,0
org.apache.xmlgraphics:xmlgraphics-commons,org.apache.xmlgraphics.image.rendered,Any2LsRGBRed.__CLR4_5_2a4ya4ym6lb50kc.new InvocationHandler() {...},39,0,2,0,1,0,3,0,2,0
org.apache.xmlgraphics:xmlgraphics-commons,org.apache.xmlgraphics.image.rendered,RenderedImageCachableRed.__CLR4_5_2ajoajom6lb50mp,140,0,2,0,1,0,6,0,5,0
org.apache.xmlgraphics:xmlgraphics-commons,org.apache.xmlgraphics.image.rendered,BufferedImageCachableRed,309,0,10,0,53,0,16,0,11,0
org.apache.xmlgraphics:xmlgraphics-commons,org.apache.xmlgraphics.image.rendered,FormatRed.__CLR4_5_2ageagem6lb50mh.new InvocationHandler() {...},39,0,2,0,1,0,3,0,2,0
org.apache.xmlgraphics:xmlgraphics-commons,org.apache.xmlgraphics.image.rendered,RenderedImageCachableRed.__CLR4_5_2ajoajom6lb50mp.new InvocationHandler() {...},39,0,2,0,1,0,3,0,2,0
org.apache.xmlgraphics:xmlgraphics-commons,org.apache.xmlgraphics.image.rendered,AbstractRed.__CLR4_5_29wq9wqm6lb50jp.new InvocationHandler() {...},39,0,2,0,1,0,3,0,2,0
org.apache.xmlgraphics:xmlgraphics-commons,org.apache.xmlgraphics.image.rendered,AbstractRed,2604,0,418,0,273,0,250,0,41,0
org.apache.xmlgraphics:xmlgraphics-commons,org.apache.xmlgraphics.image.rendered,AbstractRed.__CLR4_5_29wq9wqm6lb50jp,140,0,2,0,1,0,6,0,5,0
org.apache.xmlgraphics:xmlgraphics-commons,org.apache.xmlgraphics.image.rendered,RenderedImageCachableRed,487,0,30,0,89,0,42,0,27,0
org.apache.xmlgraphics:xmlgraphics-commons,org.apache.xmlgraphics.image.rendered,Any2LsRGBRed.__CLR4_5_2a4ya4ym6lb50kc,140,0,2,0,1,0,6,0,5,0
org.apache.xmlgraphics:xmlgraphics-commons,org.apache.xmlgraphics.image.rendered,FormatRed,994,0,181,0,105,0,102,0,10,0
org.apache.xmlgraphics:xmlgraphics-commons,org.apache.xmlgraphics.image.rendered,Any2sRGBRed.__CLR4_5_2a94a94m6lb50li,140,0,2,0,1,0,6,0,5,0
org.apache.xmlgraphics:xmlgraphics-commons,org.apache.xmlgraphics.image.rendered,Any2sRGBRed,1883,0,318,0,203,0,169,0,7,0
org.apache.xmlgraphics:xmlgraphics-commons,org.apache.xmlgraphics.image.rendered,Any2LsRGBRed,1255,0,177,0,150,0,97,0,6,0
org.apache.xmlgraphics:xmlgraphics-commons,org.apache.xmlgraphics.image.rendered,BufferedImageCachableRed.__CLR4_5_2afhafhm6lb50lt.new InvocationHandler() {...},39,0,2,0,1,0,3,0,2,0
org.apache.xmlgraphics:xmlgraphics-commons,org.apache.xmlgraphics.image.rendered,BufferedImageCachableRed.__CLR4_5_2afhafhm6lb50lt,140,0,2,0,1,0,6,0,5,0
org.apache.xmlgraphics:xmlgraphics-commons,org.apache.xmlgraphics.image.loader,RefinedImageFlavor.__CLR4_5_27bb7bbm6lb4zq5,105,35,1,1,0,1,5,1,4,1
org.apache.xmlgraphics:xmlgraphics-commons,org.apache.xmlgraphics.image.loader,SubImageNotFoundException.__CLR4_5_27bq7bqm6lb4zqe.new InvocationHandler() {...},39,0,2,0,1,0,3,0,2,0
org.apache.xmlgraphics:xmlgraphics-commons,org.apache.xmlgraphics.image.loader,ImageException.__CLR4_5_2723723m6lb4znc.new InvocationHandler() {...},39,0,2,0,1,0,3,0,2,0
org.apache.xmlgraphics:xmlgraphics-commons,org.apache.xmlgraphics.image.loader,ImageSize.__CLR4_5_277z77zm6lb4zpj.new InvocationHandler() {...},39,0,2,0,1,0,3,0,2,0
org.apache.xmlgraphics:xmlgraphics-commons,org.apache.xmlgraphics.image.loader,SimpleRefinedImageFlavor.__CLR4_5_27bo7bom6lb4zq9,105,35,1,1,0,1,5,1,4,1
org.apache.xmlgraphics:xmlgraphics-commons,org.apache.xmlgraphics.image.loader,ImageSize,198,298,8,4,27,55,12,17,6,17
org.apache.xmlgraphics:xmlgraphics-commons,org.apache.xmlgraphics.image.loader,RefinedImageFlavor.__CLR4_5_27bb7bbm6lb4zq5.new InvocationHandler() {...},39,0,2,0,1,0,3,0,2,0
org.apache.xmlgraphics:xmlgraphics-commons,org.apache.xmlgraphics.image.loader,MimeEnabledImageFlavor.__CLR4_5_27af7afm6lb4zpz.new InvocationHandler() {...},39,0,2,0,1,0,3,0,2,0
org.apache.xmlgraphics:xmlgraphics-commons,org.apache.xmlgraphics.image.loader,SimpleRefinedImageFlavor.__CLR4_5_27bo7bom6lb4zq9.new InvocationHandler() {...},39,0,2,0,1,0,3,0,2,0
org.apache.xmlgraphics:xmlgraphics-commons,org.apache.xmlgraphics.image.loader,SubImageNotFoundException,28,0,0,0,5,0,3,0,3,0
org.apache.xmlgraphics:xmlgraphics-commons,org.apache.xmlgraphics.image.loader,ImageSource,129,92,27,3,12,19,18,6,3,6
org.apache.xmlgraphics:xmlgraphics-commons,org.apache.xmlgraphics.image.loader,ImageFlavor.__CLR4_5_2727727m6lb4znq,105,35,1,1,0,1,5,1,4,1
org.apache.xmlgraphics:xmlgraphics-commons,org.apache.xmlgraphics.image.loader,ImageManager.__CLR4_5_273x73xm6lb4zow,105,35,1,1,0,1,5,1,4,1
org.apache.xmlgraphics:xmlgraphics-commons,org.apache.xmlgraphics.image.loader,ImageException,13,15,0,0,2,3,1,2,1,2
org.apache.xmlgraphics:xmlgraphics-commons,org.apache.xmlgraphics.image.loader,SubImageNotFoundException.__CLR4_5_27bq7bqm6lb4zqe,140,0,2,0,1,0,6,0,5,0
org.apache.xmlgraphics:xmlgraphics-commons,org.apache.xmlgraphics.image.loader,ImageSource.__CLR4_5_279p79pm6lb4zpr.new InvocationHandler() {...},39,0,2,0,1,0,3,0,2,0
org.apache.xmlgraphics:xmlgraphics-commons,org.apache.xmlgraphics.image.loader,ImageException.__CLR4_5_2723723m6lb4znc,105,35,1,1,0,1,5,1,4,1
org.apache.xmlgraphics:xmlgraphics-commons,org.apache.xmlgraphics.image.loader,SimpleRefinedImageFlavor,0,16,0,0,0,3,0,2,0,2
org.apache.xmlgraphics:xmlgraphics-commons,org.apache.xmlgraphics.image.loader,MimeEnabledImageFlavor.__CLR4_5_27af7afm6lb4zpz,105,35,1,1,0,1,5,1,4,1
org.apache.xmlgraphics:xmlgraphics-commons,org.apache.xmlgraphics.image.loader,XMLNamespaceEnabledImageFlavor,239,51,64,0,17,8,34,3,2,3
org.apache.xmlgraphics:xmlgraphics-commons,org.apache.xmlgraphics.image.loader,ImageInfo,25,112,0,0,3,26,1,8,1,8
org.apache.xmlgraphics:xmlgraphics-commons,org.apache.xmlgraphics.image.loader,ImageSource.__CLR4_5_279p79pm6lb4zpr,105,35,1,1,0,1,5,1,4,1
org.apache.xmlgraphics:xmlgraphics-commons,org.apache.xmlgraphics.image.loader,ImageInfo.__CLR4_5_273g73gm6lb4zny.new InvocationHandler() {...},39,0,2,0,1,0,3,0,2,0
org.apache.xmlgraphics:xmlgraphics-commons,org.apache.xmlgraphics.image.loader,XMLNamespaceEnabledImageFlavor.__CLR4_5_27bu7bum6lb4zqn.new InvocationHandler() {...},39,0,2,0,1,0,3,0,2,0
org.apache.xmlgraphics:xmlgraphics-commons,org.apache.xmlgraphics.image.loader,XMLNamespaceEnabledImageFlavor.__CLR4_5_27bu7bum6lb4zqn,105,35,1,1,0,1,5,1,4,1
org.apache.xmlgraphics:xmlgraphics-commons,org.apache.xmlgraphics.image.loader,ImageManager.__CLR4_5_273x73xm6lb4zow.new InvocationHandler() {...},39,0,2,0,1,0,3,0,2,0
org.apache.xmlgraphics:xmlgraphics-commons,org.apache.xmlgraphics.image.loader,ImageManager,428,798,141,73,24,104,104,22,3,16
org.apache.xmlgraphics:xmlgraphics-commons,org.apache.xmlgraphics.image.loader,ImageFlavor,87,343,43,27,3,51,32,12,0,9
org.apache.xmlgraphics:xmlgraphics-commons,org.apache.xmlgraphics.image.loader,ImageInfo.__CLR4_5_273g73gm6lb4zny,105,35,1,1,0,1,5,1,4,1
org.apache.xmlgraphics:xmlgraphics-commons,org.apache.xmlgraphics.image.loader,MimeEnabledImageFlavor,105,179,45,19,4,20,30,7,0,5
org.apache.xmlgraphics:xmlgraphics-commons,org.apache.xmlgraphics.image.loader,ImageFlavor.__CLR4_5_2727727m6lb4znq.new InvocationHandler() {...},39,0,2,0,1,0,3,0,2,0
org.apache.xmlgraphics:xmlgraphics-commons,org.apache.xmlgraphics.image.loader,ImageSize.__CLR4_5_277z77zm6lb4zpj,105,35,1,1,0,1,5,1,4,1
org.apache.xmlgraphics:xmlgraphics-commons,org.apache.xmlgraphics.image.loader,RefinedImageFlavor,14,85,0,4,2,17,1,8,1,6
org.apache.xmlgraphics:xmlgraphics-commons,org.apache.xmlgraphics.image.loader,ImageProcessingHints,0,15,0,0,0,7,0,1,0,1
org.apache.xmlgraphics:xmlgraphics-commons,org.apache.xmlgraphics.java2d,TransformType,124,53,18,0,21,10,14,2,3,2
org.apache.xmlgraphics:xmlgraphics-commons,org.apache.xmlgraphics.java2d,AbstractGraphics2D.__CLR4_5_2b4tb4tm6lb50s7,105,35,1,1,0,1,5,1,4,1
org.apache.xmlgraphics:xmlgraphics-commons,org.apache.xmlgraphics.java2d,AbstractGraphics2D.__CLR4_5_2b4tb4tm6lb50s7.new InvocationHandler() {...},39,0,2,0,1,0,3,0,2,0
org.apache.xmlgraphics:xmlgraphics-commons,org.apache.xmlgraphics.java2d,AbstractGraphicsConfiguration,24,6,0,0,6,1,2,2,2,2
org.apache.xmlgraphics:xmlgraphics-commons,org.apache.xmlgraphics.java2d,Dimension2DDouble.__CLR4_5_2bbtbbtm6lb50sz.new InvocationHandler() {...},39,0,2,0,1,0,3,0,2,0
org.apache.xmlgraphics:xmlgraphics-commons,org.apache.xmlgraphics.java2d,GraphicsConfigurationWithTransparency,49,166,8,12,9,22,11,9,3,7
org.apache.xmlgraphics:xmlgraphics-commons,org.apache.xmlgraphics.java2d,TransformType.__CLR4_5_2bm2bm2m6lb50v6,105,35,1,1,0,1,5,1,4,1
org.apache.xmlgraphics:xmlgraphics-commons,org.apache.xmlgraphics.java2d,TransformStackElement.__CLR4_5_2bk4bk4m6lb50v0.new InvocationHandler() {...},39,0,2,0,1,0,3,0,2,0
org.apache.xmlgraphics:xmlgraphics-commons,org.apache.xmlgraphics.java2d,GraphicContext,1123,443,177,29,139,73,130,15,28,14
org.apache.xmlgraphics:xmlgraphics-commons,org.apache.xmlgraphics.java2d,TransformStackElement.new TransformStackElement() {...},26,0,2,0,4,0,3,0,2,0
org.apache.xmlgraphics:xmlgraphics-commons,org.apache.xmlgraphics.java2d,TransformStackElement.new TransformStackElement() {...},31,0,4,0,4,0,4,0,2,0
org.apache.xmlgraphics:xmlgraphics-commons,org.apache.xmlgraphics.java2d,TransformStackElement.new TransformStackElement() {...},31,0,4,0,4,0,4,0,2,0
org.apache.xmlgraphics:xmlgraphics-commons,org.apache.xmlgraphics.java2d,TransformStackElement.new TransformStackElement() {...},31,0,4,0,4,0,4,0,2,0
org.apache.xmlgraphics:xmlgraphics-commons,org.apache.xmlgraphics.java2d,TransformStackElement.new TransformStackElement() {...},50,5,12,0,3,1,7,1,1,1
org.apache.xmlgraphics:xmlgraphics-commons,org.apache.xmlgraphics.java2d,GraphicsConfigurationWithTransparency.__CLR4_5_2bilbilm6lb50ua,105,35,1,1,0,1,5,1,4,1
org.apache.xmlgraphics:xmlgraphics-commons,org.apache.xmlgraphics.java2d,DefaultGraphics2D.__CLR4_5_2barbarm6lb50su,140,0,2,0,1,0,6,0,5,0
org.apache.xmlgraphics:xmlgraphics-commons,org.apache.xmlgraphics.java2d,StrokingTextHandler,0,51,0,0,0,10,0,3,0,3
org.apache.xmlgraphics:xmlgraphics-commons,org.apache.xmlgraphics.java2d,AbstractGraphics2D,1364,168,60,0,210,37,79,13,49,13
org.apache.xmlgraphics:xmlgraphics-commons,org.apache.xmlgraphics.java2d,StrokingTextHandler.__CLR4_5_2bjxbjxm6lb50um.new InvocationHandler() {...},39,0,2,0,1,0,3,0,2,0
org.apache.xmlgraphics:xmlgraphics-commons,org.apache.xmlgraphics.java2d,TransformType.__CLR4_5_2bm2bm2m6lb50v6.new InvocationHandler() {...},39,0,2,0,1,0,3,0,2,0
org.apache.xmlgraphics:xmlgraphics-commons,org.apache.xmlgraphics.java2d,CMYKColorSpace.__CLR4_5_2babbabm6lb50sj.new InvocationHandler() {...},39,0,2,0,1,0,3,0,2,0
org.apache.xmlgraphics:xmlgraphics-commons,org.apache.xmlgraphics.java2d,DefaultGraphics2D.__CLR4_5_2barbarm6lb50su.new InvocationHandler() {...},39,0,2,0,1,0,3,0,2,0
org.apache.xmlgraphics:xmlgraphics-commons,org.apache.xmlgraphics.java2d,CMYKColorSpace.__CLR4_5_2babbabm6lb50sj,140,0,2,0,1,0,6,0,5,0
org.apache.xmlgraphics:xmlgraphics-commons,org.apache.xmlgraphics.java2d,TransformStackElement,437,51,25,0,64,10,24,3,10,3
org.apache.xmlgraphics:xmlgraphics-commons,org.apache.xmlgraphics.java2d,GraphicContext.__CLR4_5_2bd6bd6m6lb50ty,105,35,1,1,0,1,5,1,4,1
org.apache.xmlgraphics:xmlgraphics-commons,org.apache.xmlgraphics.java2d,TransformStackElement.__CLR4_5_2bk4bk4m6lb50v0,105,35,1,1,0,1,5,1,4,1
org.apache.xmlgraphics:xmlgraphics-commons,org.apache.xmlgraphics.java2d,GraphicsConfigurationWithoutTransparency,49,153,8,12,9,23,11,9,3,7
org.apache.xmlgraphics:xmlgraphics-commons,org.apache.xmlgraphics.java2d,GenericGraphicsDevice.__CLR4_5_2bcubcum6lb50t5.new InvocationHandler() {...},39,0,2,0,1,0,3,0,2,0
org.apache.xmlgraphics:xmlgraphics-commons,org.apache.xmlgraphics.java2d,CMYKColorSpace,156,0,10,0,20,0,12,0,7,0
org.apache.xmlgraphics:xmlgraphics-commons,org.apache.xmlgraphics.java2d,DefaultGraphics2D,263,0,0,0,54,0,17,0,17,0
org.apache.xmlgraphics:xmlgraphics-commons,org.apache.xmlgraphics.java2d,StrokingTextHandler.__CLR4_5_2bjxbjxm6lb50um,105,35,1,1,0,1,5,1,4,1
org.apache.xmlgraphics:xmlgraphics-commons,org.apache.xmlgraphics.java2d,GraphicsConfigurationWithoutTransparency.__CLR4_5_2bj9bj9m6lb50uh.new InvocationHandler() {...},39,0,2,0,1,0,3,0,2,0
org.apache.xmlgraphics:xmlgraphics-commons,org.apache.xmlgraphics.java2d,GraphicsConfigurationWithTransparency.__CLR4_5_2bilbilm6lb50ua.new InvocationHandler() {...},39,0,2,0,1,0,3,0,2,0
org.apache.xmlgraphics:xmlgraphics-commons,org.apache.xmlgraphics.java2d,Dimension2DDouble.__CLR4_5_2bbtbbtm6lb50sz,105,35,1,1,0,1,5,1,4,1
org.apache.xmlgraphics:xmlgraphics-commons,org.apache.xmlgraphics.java2d,GraphicContext.__CLR4_5_2bd6bd6m6lb50ty.new InvocationHandler() {...},39,0,2,0,1,0,3,0,2,0
org.apache.xmlgraphics:xmlgraphics-commons,org.apache.xmlgraphics.java2d,Dimension2DDouble,260,49,40,0,27,11,25,4,5,4
org.apache.xmlgraphics:xmlgraphics-commons,org.apache.xmlgraphics.java2d,AbstractGraphicsConfiguration.__CLR4_5_2ba7ba7m6lb50sf,140,0,2,0,1,0,6,0,5,0
org.apache.xmlgraphics:xmlgraphics-commons,org.apache.xmlgraphics.java2d,GenericGraphicsDevice.__CLR4_5_2bcubcum6lb50t5,140,0,2,0,1,0,6,0,5,0
org.apache.xmlgraphics:xmlgraphics-commons,org.apache.xmlgraphics.java2d,GenericGraphicsDevice,86,0,0,0,19,0,7,0,7,0
org.apache.xmlgraphics:xmlgraphics-commons,org.apache.xmlgraphics.java2d,GraphicsConfigurationWithoutTransparency.__CLR4_5_2bj9bj9m6lb50uh,105,35,1,1,0,1,5,1,4,1
org.apache.xmlgraphics:xmlgraphics-commons,org.apache.xmlgraphics.java2d,AbstractGraphicsConfiguration.__CLR4_5_2ba7ba7m6lb50sf.new InvocationHandler() {...},39,0,2,0,1,0,3,0,2,0
org.apache.xmlgraphics:xmlgraphics-commons,org.apache.xmlgraphics.image.writer.internal,TIFFImageWriter,348,18,30,0,39,4,20,3,5,3
org.apache.xmlgraphics:xmlgraphics-commons,org.apache.xmlgraphics.image.writer.internal,TIFFImageWriter.TIFFMultiImageWriter,139,0,20,0,16,0,13,0,3,0
org.apache.xmlgraphics:xmlgraphics-commons,org.apache.xmlgraphics.image.writer.internal,PNGImageWriter,35,18,0,0,7,4,2,3,2,3
org.apache.xmlgraphics:xmlgraphics-commons,org.apache.xmlgraphics.image.writer.internal,PNGImageWriter.__CLR4_5_2aziazim6lb50q4.new InvocationHandler() {...},39,0,2,0,1,0,3,0,2,0
org.apache.xmlgraphics:xmlgraphics-commons,org.apache.xmlgraphics.image.writer.internal,PNGImageWriter.__CLR4_5_2aziazim6lb50q4,105,35,1,1,0,1,5,1,4,1
org.apache.xmlgraphics:xmlgraphics-commons,org.apache.xmlgraphics.image.writer.internal,TIFFImageWriter.__CLR4_5_2azpazpm6lb50qd,105,35,1,1,0,1,5,1,4,1
org.apache.xmlgraphics:xmlgraphics-commons,org.apache.xmlgraphics.image.writer.internal,TIFFImageWriter.__CLR4_5_2azpazpm6lb50qd.new InvocationHandler() {...},39,0,2,0,1,0,3,0,2,0
org.apache.xmlgraphics:xmlgraphics-commons,org.apache.xmlgraphics.io,XmlSourceUtil,93,642,80,96,3,67,73,23,1,7
org.apache.xmlgraphics:xmlgraphics-commons,org.apache.xmlgraphics.io,URIResolverAdapter.__CLR4_5_2b1rb1rm6lb50qu.new InvocationHandler() {...},39,0,2,0,1,0,3,0,2,0
org.apache.xmlgraphics:xmlgraphics-commons,org.apache.xmlgraphics.io,URIResolverAdapter.__CLR4_5_2b1rb1rm6lb50qu,140,0,2,0,1,0,6,0,5,0
org.apache.xmlgraphics:xmlgraphics-commons,org.apache.xmlgraphics.io,TempResourceURIGenerator,0,86,0,0,0,14,0,5,0,5
org.apache.xmlgraphics:xmlgraphics-commons,org.apache.xmlgraphics.io,TempResourceURIGenerator.__CLR4_5_2b1ib1im6lb50qp,105,35,1,1,0,1,5,1,4,1
org.apache.xmlgraphics:xmlgraphics-commons,org.apache.xmlgraphics.io,TempResourceURIGenerator.__CLR4_5_2b1ib1im6lb50qp.new InvocationHandler() {...},39,0,2,0,1,0,3,0,2,0
org.apache.xmlgraphics:xmlgraphics-commons,org.apache.xmlgraphics.io,Resource,47,0,0,0,9,0,4,0,4,0
org.apache.xmlgraphics:xmlgraphics-commons,org.apache.xmlgraphics.io,XmlSourceUtil.__CLR4_5_2b29b29m6lb50r5.new InvocationHandler() {...},39,0,2,0,1,0,3,0,2,0
org.apache.xmlgraphics:xmlgraphics-commons,org.apache.xmlgraphics.io,Resource.__CLR4_5_2b1bb1bm6lb50qh.new InvocationHandler() {...},39,0,2,0,1,0,3,0,2,0
org.apache.xmlgraphics:xmlgraphics-commons,org.apache.xmlgraphics.io,XmlSourceUtil.__CLR4_5_2b29b29m6lb50r5,105,35,1,1,0,1,5,1,4,1
org.apache.xmlgraphics:xmlgraphics-commons,org.apache.xmlgraphics.io,URIResolverAdapter,142,0,10,0,22,0,9,0,4,0
org.apache.xmlgraphics:xmlgraphics-commons,org.apache.xmlgraphics.io,Resource.__CLR4_5_2b1bb1bm6lb50qh,140,0,2,0,1,0,6,0,5,0
org.apache.xmlgraphics:xmlgraphics-commons,org.apache.xmlgraphics.image.codec.util,SimpleRenderedImage,1070,133,104,0,136,30,77,11,25,11
org.apache.xmlgraphics:xmlgraphics-commons,org.apache.xmlgraphics.image.codec.util,ImageInputStreamSeekableStreamAdapter.__CLR4_5_26p36p3m6lb4zj1,105,35,1,1,0,1,5,1,4,1
org.apache.xmlgraphics:xmlgraphics-commons,org.apache.xmlgraphics.image.codec.util,ForwardSeekableStream.__CLR4_5_26my6mym6lb4zi1.new InvocationHandler() {...},39,0,2,0,1,0,3,0,2,0
org.apache.xmlgraphics:xmlgraphics-commons,org.apache.xmlgraphics.image.codec.util,ImageInputStreamSeekableStreamAdapter.__CLR4_5_26p36p3m6lb4zj1.new InvocationHandler() {...},39,0,2,0,1,0,3,0,2,0
org.apache.xmlgraphics:xmlgraphics-commons,org.apache.xmlgraphics.image.codec.util,SeekableOutputStream.__CLR4_5_26rq6rqm6lb4zjy.new InvocationHandler() {...},39,0,2,0,1,0,3,0,2,0
org.apache.xmlgraphics:xmlgraphics-commons,org.apache.xmlgraphics.image.codec.util,MemoryCacheSeekableStream,297,351,79,35,25,39,58,7,3,5
org.apache.xmlgraphics:xmlgraphics-commons,org.apache.xmlgraphics.image.codec.util,PropertyUtil.__CLR4_5_26rl6rlm6lb4zjr.new InvocationHandler() {...},39,0,2,0,1,0,3,0,2,0
org.apache.xmlgraphics:xmlgraphics-commons,org.apache.xmlgraphics.image.codec.util,SimpleRenderedImage.__CLR4_5_26xq6xqm6lb4zmm,105,35,1,1,0,1,5,1,4,1
org.apache.xmlgraphics:xmlgraphics-commons,org.apache.xmlgraphics.image.codec.util,MemoryCacheSeekableStream.__CLR4_5_26pi6pim6lb4zjk,105,35,1,1,0,1,5,1,4,1
org.apache.xmlgraphics:xmlgraphics-commons,org.apache.xmlgraphics.image.codec.util,ForwardSeekableStream.__CLR4_5_26my6mym6lb4zi1,105,35,1,1,0,1,5,1,4,1
org.apache.xmlgraphics:xmlgraphics-commons,org.apache.xmlgraphics.image.codec.util,SeekableStream,1153,404,198,18,137,58,129,12,20,12
org.apache.xmlgraphics:xmlgraphics-commons,org.apache.xmlgraphics.image.codec.util,MemoryCacheSeekableStream.__CLR4_5_26pi6pim6lb4zjk.new InvocationHandler() {...},39,0,2,0,1,0,3,0,2,0
org.apache.xmlgraphics:xmlgraphics-commons,org.apache.xmlgraphics.image.codec.util,ImageEncoderImpl.__CLR4_5_26or6orm6lb4ziv.new InvocationHandler() {...},39,0,2,0,1,0,3,0,2,0
org.apache.xmlgraphics:xmlgraphics-commons,org.apache.xmlgraphics.image.codec.util,SeekableOutputStream,143,0,10,0,27,0,14,0,9,0
org.apache.xmlgraphics:xmlgraphics-commons,org.apache.xmlgraphics.image.codec.util,FileCacheSeekableStream,642,0,104,0,68,0,61,0,9,0
org.apache.xmlgraphics:xmlgraphics-commons,org.apache.xmlgraphics.image.codec.util,ImageDecoderImpl.__CLR4_5_26o66o6m6lb4zii,105,35,1,1,0,1,5,1,4,1
org.apache.xmlgraphics:xmlgraphics-commons,org.apache.xmlgraphics.image.codec.util,FileCacheSeekableStream.__CLR4_5_26ku6kum6lb4zho,140,0,2,0,1,0,6,0,5,0
org.apache.xmlgraphics:xmlgraphics-commons,org.apache.xmlgraphics.image.codec.util,FileCacheSeekableStream.__CLR4_5_26ku6kum6lb4zho.new InvocationHandler() {...},39,0,2,0,1,0,3,0,2,0
org.apache.xmlgraphics:xmlgraphics-commons,org.apache.xmlgraphics.image.codec.util,SeekableStream.__CLR4_5_26sa6sam6lb4zlb.new InvocationHandler() {...},39,0,2,0,1,0,3,0,2,0
org.apache.xmlgraphics:xmlgraphics-commons,org.apache.xmlgraphics.image.codec.util,SingleTileRenderedImage.__CLR4_5_271p71pm6lb4zmx,140,0,2,0,1,0,6,0,5,0
org.apache.xmlgraphics:xmlgraphics-commons,org.apache.xmlgraphics.image.codec.util,SingleTileRenderedImage,119,0,12,0,15,0,9,0,3,0
org.apache.xmlgraphics:xmlgraphics-commons,org.apache.xmlgraphics.image.codec.util,SeekableOutputStream.__CLR4_5_26rq6rqm6lb4zjy,140,0,2,0,1,0,6,0,5,0
org.apache.xmlgraphics:xmlgraphics-commons,org.apache.xmlgraphics.image.codec.util,ForwardSeekableStream,196,146,34,6,24,25,26,7,6,7
org.apache.xmlgraphics:xmlgraphics-commons,org.apache.xmlgraphics.image.codec.util,ImageEncoderImpl,59,23,0,0,13,5,4,2,4,2
org.apache.xmlgraphics:xmlgraphics-commons,org.apache.xmlgraphics.image.codec.util,SimpleRenderedImage.__CLR4_5_26xq6xqm6lb4zmm.new InvocationHandler() {...},39,0,2,0,1,0,3,0,2,0
org.apache.xmlgraphics:xmlgraphics-commons,org.apache.xmlgraphics.image.codec.util,ImageDecoderImpl,104,40,0,0,23,8,7,3,7,3
org.apache.xmlgraphics:xmlgraphics-commons,org.apache.xmlgraphics.image.codec.util,ImageInputStreamSeekableStreamAdapter,14,90,0,0,3,20,1,7,1,7
org.apache.xmlgraphics:xmlgraphics-commons,org.apache.xmlgraphics.image.codec.util,ImageEncoderImpl.__CLR4_5_26or6orm6lb4ziv,105,35,1,1,0,1,5,1,4,1
org.apache.xmlgraphics:xmlgraphics-commons,org.apache.xmlgraphics.image.codec.util,PropertyUtil.__CLR4_5_26rl6rlm6lb4zjr,105,35,1,1,0,1,5,1,4,1
org.apache.xmlgraphics:xmlgraphics-commons,org.apache.xmlgraphics.image.codec.util,SingleTileRenderedImage.__CLR4_5_271p71pm6lb4zmx.new InvocationHandler() {...},39,0,2,0,1,0,3,0,2,0
org.apache.xmlgraphics:xmlgraphics-commons,org.apache.xmlgraphics.image.codec.util,PropertyUtil,16,28,0,0,4,7,1,2,1,2
org.apache.xmlgraphics:xmlgraphics-commons,org.apache.xmlgraphics.image.codec.util,ImageDecoderImpl.__CLR4_5_26o66o6m6lb4zii.new InvocationHandler() {...},39,0,2,0,1,0,3,0,2,0
org.apache.xmlgraphics:xmlgraphics-commons,org.apache.xmlgraphics.image.codec.util,SeekableStream.__CLR4_5_26sa6sam6lb4zlb,105,35,1,1,0,1,5,1,4,1
org.apache.xmlgraphics:xmlgraphics-commons,org.apache.xmlgraphics.image.loader.impl.imageio,ImageLoaderFactoryImageIO.__CLR4_5_293c93cm6lb50cn.new InvocationHandler() {...},39,0,2,0,1,0,3,0,2,0
org.apache.xmlgraphics:xmlgraphics-commons,org.apache.xmlgraphics.image.loader.impl.imageio,ImageLoaderImageIO.__CLR4_5_293k93km6lb50ed,105,35,1,1,0,1,5,1,4,1
org.apache.xmlgraphics:xmlgraphics-commons,org.apache.xmlgraphics.image.loader.impl.imageio,ImageLoaderFactoryImageIO.__CLR4_5_293c93cm6lb50cn,105,35,1,1,0,1,5,1,4,1
org.apache.xmlgraphics:xmlgraphics-commons,org.apache.xmlgraphics.image.loader.impl.imageio,PreloaderImageIO.__CLR4_5_299s99sm6lb50ev,105,35,1,1,0,1,5,1,4,1
org.apache.xmlgraphics:xmlgraphics-commons,org.apache.xmlgraphics.image.loader.impl.imageio,ImageIOUtil.__CLR4_5_291s91sm6lb50ci,105,35,1,1,0,1,5,1,4,1
org.apache.xmlgraphics:xmlgraphics-commons,org.apache.xmlgraphics.image.loader.impl.imageio,ImageLoaderImageIO,667,1109,192,114,67,144,139,25,1,9
org.apache.xmlgraphics:xmlgraphics-commons,org.apache.xmlgraphics.image.loader.impl.imageio,ImageLoaderFactoryImageIO,1,73,1,1,0,14,1,6,0,6
org.apache.xmlgraphics:xmlgraphics-commons,org.apache.xmlgraphics.image.loader.impl.imageio,ImageIOUtil.__CLR4_5_291s91sm6lb50ci.new InvocationHandler() {...},39,0,2,0,1,0,3,0,2,0
org.apache.xmlgraphics:xmlgraphics-commons,org.apache.xmlgraphics.image.loader.impl.imageio,ImageIOUtil,167,280,39,39,23,29,37,8,3,3
org.apache.xmlgraphics:xmlgraphics-commons,org.apache.xmlgraphics.image.loader.impl.imageio,PreloaderImageIO.__CLR4_5_299s99sm6lb50ev.new InvocationHandler() {...},39,0,2,0,1,0,3,0,2,0
org.apache.xmlgraphics:xmlgraphics-commons,org.apache.xmlgraphics.image.loader.impl.imageio,PreloaderImageIO,142,269,53,19,10,37,36,4,0,4
org.apache.xmlgraphics:xmlgraphics-commons,org.apache.xmlgraphics.image.loader.impl.imageio,ImageLoaderImageIO.__CLR4_5_293k93km6lb50ed.new InvocationHandler() {...},39,0,2,0,1,0,3,0,2,0
org.apache.xmlgraphics:xmlgraphics-commons,org.apache.xmlgraphics.ps.dsc.events,DSCCommentPageBoundingBox,38,0,0,0,8,0,4,0,4,0
org.apache.xmlgraphics:xmlgraphics-commons,org.apache.xmlgraphics.ps.dsc.events,DSCCommentLanguageLevel,76,49,10,0,11,12,8,5,3,5
org.apache.xmlgraphics:xmlgraphics-commons,org.apache.xmlgraphics.ps.dsc.events,UnparsedDSCComment,84,78,12,0,9,19,9,7,3,7
org.apache.xmlgraphics:xmlgraphics-commons,org.apache.xmlgraphics.ps.dsc.events,AbstractResourcesDSCComment.__CLR4_5_2errerrm6lb50rm.new InvocationHandler() {...},39,0,2,0,1,0,3,0,2,0
org.apache.xmlgraphics:xmlgraphics-commons,org.apache.xmlgraphics.ps.dsc.events,PostScriptLine,50,29,0,0,12,7,4,3,4,3
org.apache.xmlgraphics:xmlgraphics-commons,org.apache.xmlgraphics.ps.dsc.events,AbstractDSCComment,167,525,58,59,24,72,50,23,1,9
org.apache.xmlgraphics:xmlgraphics-commons,org.apache.xmlgraphics.ps.dsc.events,AbstractResourceDSCComment.__CLR4_5_2eqheqhm6lb50ra.new InvocationHandler() {...},39,0,2,0,1,0,3,0,2,0
org.apache.xmlgraphics:xmlgraphics-commons,org.apache.xmlgraphics.ps.dsc.events,UnparsedDSCComment.__CLR4_5_2f27f27m6lb50u2,105,35,1,1,0,1,5,1,4,1
org.apache.xmlgraphics:xmlgraphics-commons,org.apache.xmlgraphics.ps.dsc.events,AbstractDSCComment.__CLR4_5_2endendm6lb50qt.new InvocationHandler() {...},39,0,2,0,1,0,3,0,2,0
org.apache.xmlgraphics:xmlgraphics-commons,org.apache.xmlgraphics.ps.dsc.events,DSCCommentPages.__CLR4_5_2f07f07m6lb50th.new InvocationHandler() {...},39,0,2,0,1,0,3,0,2,0
org.apache.xmlgraphics:xmlgraphics-commons,org.apache.xmlgraphics.ps.dsc.events,DSCCommentBeginDocument.__CLR4_5_2eujeujm6lb50rz.new InvocationHandler() {...},39,0,2,0,1,0,3,0,2,0
org.apache.xmlgraphics:xmlgraphics-commons,org.apache.xmlgraphics.ps.dsc.events,DSCCommentPage,220,0,10,0,40,0,17,0,12,0
org.apache.xmlgraphics:xmlgraphics-commons,org.apache.xmlgraphics.ps.dsc.events,DSCCommentHiResBoundingBox.__CLR4_5_2exxexxm6lb50sr,105,35,1,1,0,1,5,1,4,1
org.apache.xmlgraphics:xmlgraphics-commons,org.apache.xmlgraphics.ps.dsc.events,AbstractResourceDSCComment.__CLR4_5_2eqheqhm6lb50ra,105,35,1,1,0,1,5,1,4,1
org.apache.xmlgraphics:xmlgraphics-commons,org.apache.xmlgraphics.ps.dsc.events,DSCCommentPageResources.__CLR4_5_2f01f01m6lb50tc,140,0,2,0,1,0,6,0,5,0
org.apache.xmlgraphics:xmlgraphics-commons,org.apache.xmlgraphics.ps.dsc.events,PostScriptComment.__CLR4_5_2f1hf1hm6lb50tt,105,35,1,1,0,1,5,1,4,1
org.apache.xmlgraphics:xmlgraphics-commons,org.apache.xmlgraphics.ps.dsc.events,PostScriptLine.__CLR4_5_2f1vf1vm6lb50tw,105,35,1,1,0,1,5,1,4,1
org.apache.xmlgraphics:xmlgraphics-commons,org.apache.xmlgraphics.ps.dsc.events,AbstractEvent.__CLR4_5_2eq5eq5m6lb50qy.new InvocationHandler() {...},39,0,2,0,1,0,3,0,2,0
org.apache.xmlgraphics:xmlgraphics-commons,org.apache.xmlgraphics.ps.dsc.events,DSCCommentBeginResource,144,14,10,0,22,3,11,2,6,2
org.apache.xmlgraphics:xmlgraphics-commons,org.apache.xmlgraphics.ps.dsc.events,AbstractEvent.__CLR4_5_2eq5eq5m6lb50qy,105,35,1,1,0,1,5,1,4,1
org.apache.xmlgraphics:xmlgraphics-commons,org.apache.xmlgraphics.ps.dsc.events,AbstractResourceDSCComment,290,103,54,6,27,16,34,3,4,3
org.apache.xmlgraphics:xmlgraphics-commons,org.apache.xmlgraphics.ps.dsc.events,DSCCommentPageHiResBoundingBox.__CLR4_5_2ezvezvm6lb50ta,140,0,2,0,1,0,6,0,5,0
org.apache.xmlgraphics:xmlgraphics-commons,org.apache.xmlgraphics.ps.dsc.events,DSCCommentHiResBoundingBox.__CLR4_5_2exxexxm6lb50sr.new InvocationHandler() {...},39,0,2,0,1,0,3,0,2,0
org.apache.xmlgraphics:xmlgraphics-commons,org.apache.xmlgraphics.ps.dsc.events,DSCAtend.__CLR4_5_2eu6eu6m6lb50rr,140,0,2,0,1,0,6,0,5,0
org.apache.xmlgraphics:xmlgraphics-commons,org.apache.xmlgraphics.ps.dsc.events,DSCCommentBoundingBox,132,103,10,0,18,18,9,5,4,5
org.apache.xmlgraphics:xmlgraphics-commons,org.apache.xmlgraphics.ps.dsc.events,DSCCommentEndOfFile.__CLR4_5_2exoexom6lb50sn.new InvocationHandler() {...},39,0,2,0,1,0,3,0,2,0
org.apache.xmlgraphics:xmlgraphics-commons,org.apache.xmlgraphics.ps.dsc.events,DSCHeaderComment,62,29,0,0,12,7,4,3,4,3
org.apache.xmlgraphics:xmlgraphics-commons,org.apache.xmlgraphics.ps.dsc.events,DSCCommentEndOfFile,25,36,0,0,6,9,2,5,2,5
org.apache.xmlgraphics:xmlgraphics-commons,org.apache.xmlgraphics.ps.dsc.events,DSCCommentEndComments,25,24,0,0,6,6,2,4,2,4
org.apache.xmlgraphics:xmlgraphics-commons,org.apache.xmlgraphics.ps.dsc.events,DSCCommentDocumentSuppliedResources,24,14,0,0,5,3,2,2,2,2
org.apache.xmlgraphics:xmlgraphics-commons,org.apache.xmlgraphics.ps.dsc.events,DSCCommentLanguageLevel.__CLR4_5_2eyfeyfm6lb50sz,105,35,1,1,0,1,5,1,4,1
org.apache.xmlgraphics:xmlgraphics-commons,org.apache.xmlgraphics.ps.dsc.events,DSCCommentBoundingBox.__CLR4_5_2ewgewgm6lb50sb,105,35,1,1,0,1,5,1,4,1
org.apache.xmlgraphics:xmlgraphics-commons,org.apache.xmlgraphics.ps.dsc.events,DSCCommentPage.__CLR4_5_2eyweywm6lb50t4.new InvocationHandler() {...},39,0,2,0,1,0,3,0,2,0
org.apache.xmlgraphics:xmlgraphics-commons,org.apache.xmlgraphics.ps.dsc.events,PostScriptComment.__CLR4_5_2f1hf1hm6lb50tt.new InvocationHandler() {...},39,0,2,0,1,0,3,0,2,0
org.apache.xmlgraphics:xmlgraphics-commons,org.apache.xmlgraphics.ps.dsc.events,DSCCommentIncludeResource.__CLR4_5_2ey9ey9m6lb50su.new InvocationHandler() {...},39,0,2,0,1,0,3,0,2,0
org.apache.xmlgraphics:xmlgraphics-commons,org.apache.xmlgraphics.ps.dsc.events,DSCHeaderComment.__CLR4_5_2f15f15m6lb50tq,105,35,1,1,0,1,5,1,4,1
org.apache.xmlgraphics:xmlgraphics-commons,org.apache.xmlgraphics.ps.dsc.events,AbstractResourcesDSCComment.__CLR4_5_2errerrm6lb50rm,105,35,1,1,0,1,5,1,4,1
org.apache.xmlgraphics:xmlgraphics-commons,org.apache.xmlgraphics.ps.dsc.events,PostScriptComment,41,71,7,5,4,14,6,6,1,5
org.apache.xmlgraphics:xmlgraphics-commons,org.apache.xmlgraphics.ps.dsc.events,DSCCommentLanguageLevel.__CLR4_5_2eyfeyfm6lb50sz.new InvocationHandler() {...},39,0,2,0,1,0,3,0,2,0
org.apache.xmlgraphics:xmlgraphics-commons,org.apache.xmlgraphics.ps.dsc.events,DSCCommentPages.__CLR4_5_2f07f07m6lb50th,105,35,1,1,0,1,5,1,4,1
org.apache.xmlgraphics:xmlgraphics-commons,org.apache.xmlgraphics.ps.dsc.events,DSCCommentPageBoundingBox.__CLR4_5_2ezpezpm6lb50t7,140,0,2,0,1,0,6,0,5,0
org.apache.xmlgraphics:xmlgraphics-commons,org.apache.xmlgraphics.ps.dsc.events,DSCCommentPageHiResBoundingBox,38,0,0,0,8,0,4,0,4,0
org.apache.xmlgraphics:xmlgraphics-commons,org.apache.xmlgraphics.ps.dsc.events,DSCAtend.__CLR4_5_2eu6eu6m6lb50rr.new InvocationHandler() {...},39,0,2,0,1,0,3,0,2,0
org.apache.xmlgraphics:xmlgraphics-commons,org.apache.xmlgraphics.ps.dsc.events,DSCCommentEndOfFile.__CLR4_5_2exoexom6lb50sn,105,35,1,1,0,1,5,1,4,1
org.apache.xmlgraphics:xmlgraphics-commons,org.apache.xmlgraphics.ps.dsc.events,DSCCommentDocumentNeededResources,38,0,0,0,8,0,4,0,4,0
org.apache.xmlgraphics:xmlgraphics-commons,org.apache.xmlgraphics.ps.dsc.events,DSCCommentTitle.__CLR4_5_2f0qf0qm6lb50tk.new InvocationHandler() {...},39,0,2,0,1,0,3,0,2,0
org.apache.xmlgraphics:xmlgraphics-commons,org.apache.xmlgraphics.ps.dsc.events,DSCCommentPage.__CLR4_5_2eyweywm6lb50t4,140,0,2,0,1,0,6,0,5,0
org.apache.xmlgraphics:xmlgraphics-commons,org.apache.xmlgraphics.ps.dsc.events,DSCCommentDocumentNeededResources.__CLR4_5_2ex5ex5m6lb50sf,140,0,2,0,1,0,6,0,5,0
org.apache.xmlgraphics:xmlgraphics-commons,org.apache.xmlgraphics.ps.dsc.events,DSCCommentPages,112,32,10,0,19,8,11,3,6,3
org.apache.xmlgraphics:xmlgraphics-commons,org.apache.xmlgraphics.ps.dsc.events,DSCCommentPageResources.__CLR4_5_2f01f01m6lb50tc.new InvocationHandler() {...},39,0,2,0,1,0,3,0,2,0
org.apache.xmlgraphics:xmlgraphics-commons,org.apache.xmlgraphics.ps.dsc.events,DSCCommentIncludeResource.__CLR4_5_2ey9ey9m6lb50su,140,0,2,0,1,0,6,0,5,0
org.apache.xmlgraphics:xmlgraphics-commons,org.apache.xmlgraphics.ps.dsc.events,DSCCommentEndComments.__CLR4_5_2exhexhm6lb50sl.new InvocationHandler() {...},39,0,2,0,1,0,3,0,2,0
org.apache.xmlgraphics:xmlgraphics-commons,org.apache.xmlgraphics.ps.dsc.events,DSCCommentPageResources,38,0,0,0,8,0,4,0,4,0
org.apache.xmlgraphics:xmlgraphics-commons,org.apache.xmlgraphics.ps.dsc.events,DSCCommentBeginResource.__CLR4_5_2evvevvm6lb50s3,105,35,1,1,0,1,5,1,4,1
org.apache.xmlgraphics:xmlgraphics-commons,org.apache.xmlgraphics.ps.dsc.events,UnparsedDSCComment.__CLR4_5_2f27f27m6lb50u2.new InvocationHandler() {...},39,0,2,0,1,0,3,0,2,0
org.apache.xmlgraphics:xmlgraphics-commons,org.apache.xmlgraphics.ps.dsc.events,PostScriptLine.__CLR4_5_2f1vf1vm6lb50tw.new InvocationHandler() {...},39,0,2,0,1,0,3,0,2,0
org.apache.xmlgraphics:xmlgraphics-commons,org.apache.xmlgraphics.ps.dsc.events,DSCCommentPageHiResBoundingBox.__CLR4_5_2ezvezvm6lb50ta.new InvocationHandler() {...},39,0,2,0,1,0,3,0,2,0
org.apache.xmlgraphics:xmlgraphics-commons,org.apache.xmlgraphics.ps.dsc.events,DSCCommentBeginDocument,363,0,52,0,47,0,37,0,11,0
org.apache.xmlgraphics:xmlgraphics-commons,org.apache.xmlgraphics.ps.dsc.events,DSCCommentDocumentNeededResources.__CLR4_5_2ex5ex5m6lb50sf.new InvocationHandler() {...},39,0,2,0,1,0,3,0,2,0
org.apache.xmlgraphics:xmlgraphics-commons,org.apache.xmlgraphics.ps.dsc.events,AbstractDSCComment.__CLR4_5_2endendm6lb50qt,105,35,1,1,0,1,5,1,4,1
org.apache.xmlgraphics:xmlgraphics-commons,org.apache.xmlgraphics.ps.dsc.events,DSCCommentPageBoundingBox.__CLR4_5_2ezpezpm6lb50t7.new InvocationHandler() {...},39,0,2,0,1,0,3,0,2,0
org.apache.xmlgraphics:xmlgraphics-commons,org.apache.xmlgraphics.ps.dsc.events,DSCAtend,88,0,0,0,21,0,8,0,8,0
org.apache.xmlgraphics:xmlgraphics-commons,org.apache.xmlgraphics.ps.dsc.events,DSCCommentTitle.__CLR4_5_2f0qf0qm6lb50tk,105,35,1,1,0,1,5,1,4,1
org.apache.xmlgraphics:xmlgraphics-commons,org.apache.xmlgraphics.ps.dsc.events,DSCCommentDocumentSuppliedResources.__CLR4_5_2exbexbm6lb50si,105,35,1,1,0,1,5,1,4,1
org.apache.xmlgraphics:xmlgraphics-commons,org.apache.xmlgraphics.ps.dsc.events,DSCCommentBeginResource.__CLR4_5_2evvevvm6lb50s3.new InvocationHandler() {...},39,0,2,0,1,0,3,0,2,0
org.apache.xmlgraphics:xmlgraphics-commons,org.apache.xmlgraphics.ps.dsc.events,DSCCommentBeginDocument.__CLR4_5_2eujeujm6lb50rz,140,0,2,0,1,0,6,0,5,0
org.apache.xmlgraphics:xmlgraphics-commons,org.apache.xmlgraphics.ps.dsc.events,AbstractResourcesDSCComment,408,291,87,27,39,40,60,7,5,5
org.apache.xmlgraphics:xmlgraphics-commons,org.apache.xmlgraphics.ps.dsc.events,DSCCommentEndComments.__CLR4_5_2exhexhm6lb50sl,105,35,1,1,0,1,5,1,4,1
org.apache.xmlgraphics:xmlgraphics-commons,org.apache.xmlgraphics.ps.dsc.events,DSCCommentDocumentSuppliedResources.__CLR4_5_2exbexbm6lb50si.new InvocationHandler() {...},39,0,2,0,1,0,3,0,2,0
org.apache.xmlgraphics:xmlgraphics-commons,org.apache.xmlgraphics.ps.dsc.events,DSCHeaderComment.__CLR4_5_2f15f15m6lb50tq.new InvocationHandler() {...},39,0,2,0,1,0,3,0,2,0
org.apache.xmlgraphics:xmlgraphics-commons,org.apache.xmlgraphics.ps.dsc.events,DSCCommentIncludeResource,38,0,0,0,8,0,4,0,4,0
org.apache.xmlgraphics:xmlgraphics-commons,org.apache.xmlgraphics.ps.dsc.events,DSCCommentHiResBoundingBox,98,26,10,0,11,6,7,3,2,3
org.apache.xmlgraphics:xmlgraphics-commons,org.apache.xmlgraphics.ps.dsc.events,DSCCommentBoundingBox.__CLR4_5_2ewgewgm6lb50sb.new InvocationHandler() {...},39,0,2,0,1,0,3,0,2,0
org.apache.xmlgraphics:xmlgraphics-commons,org.apache.xmlgraphics.ps.dsc.events,DSCCommentTitle,66,38,0,0,15,8,5,3,5,3
org.apache.xmlgraphics:xmlgraphics-commons,org.apache.xmlgraphics.ps.dsc.events,AbstractEvent,54,30,0,0,12,7,4,4,4,4
org.apache.xmlgraphics:xmlgraphics-commons,org.apache.xmlgraphics.util.uri,DataURLUtil.__CLR4_5_2gcsgcsm6lb5196.new InvocationHandler() {...},39,0,2,0,1,0,3,0,2,0
org.apache.xmlgraphics:xmlgraphics-commons,org.apache.xmlgraphics.util.uri,CommonURIResolver,52,162,12,10,9,26,11,6,1,5
org.apache.xmlgraphics:xmlgraphics-commons,org.apache.xmlgraphics.util.uri,DataURLUtil,11,101,4,6,2,15,5,4,1,3
[...]
org.apache.xmlgraphics:xmlgraphics-commons,org.apache.xmlgraphics.fonts,Glyphs.__CLR4_5_200m6lb4x6y,105,35,1,1,0,1,5,1,4,1
org.apache.xmlgraphics:xmlgraphics-commons,org.apache.xmlgraphics.fonts,Glyphs.__CLR4_5_200m6lb4x6y.new InvocationHandler() {...},39,0,2,0,1,0,3,0,2,0
org.apache.xmlgraphics:xmlgraphics-commons,org.apache.xmlgraphics.fonts,Glyphs,468,6744,153,91,33,216,113,19,4,6
org.apache.xmlgraphics:xmlgraphics-commons,org.apache.xmlgraphics.image.loader.spi,ImageImplRegistry.__CLR4_5_29ke9kem6lb50hb.new InvocationHandler() {...},39,0,2,0,1,0,3,0,2,0
org.apache.xmlgraphics:xmlgraphics-commons,org.apache.xmlgraphics.image.loader.spi,ImageImplRegistry,314,1183,151,123,12,141,120,35,0,18
org.apache.xmlgraphics:xmlgraphics-commons,org.apache.xmlgraphics.image.loader.spi,ImageImplRegistry.ImageLoaderFactoryComparator,0,93,0,0,0,13,0,2,0,2
org.apache.xmlgraphics:xmlgraphics-commons,org.apache.xmlgraphics.image.loader.spi,ImageImplRegistry.PreloaderHolder,23,0,0,0,3,0,1,0,1,0
org.apache.xmlgraphics:xmlgraphics-commons,org.apache.xmlgraphics.image.loader.spi,ImageImplRegistry.new Comparator() {...},3,121,4,6,0,14,4,3,0,2
org.apache.xmlgraphics:xmlgraphics-commons,org.apache.xmlgraphics.image.loader.spi,ImageImplRegistry.__CLR4_5_29ke9kem6lb50hb,105,35,1,1,0,1,5,1,4,1
org.apache.xmlgraphics:xmlgraphics-commons,org.apache.xmlgraphics.image.loader.spi,ImageImplRegistry.MyIterator,30,52,7,3,4,9,6,3,1,3
org.apache.xmlgraphics:xmlgraphics-commons,org.apache.xmlgraphics.ps,PSDictionary.Maker,1054,0,216,0,81,0,113,0,5,0
org.apache.xmlgraphics:xmlgraphics-commons,org.apache.xmlgraphics.ps,PSProcSets,56,29,0,0,14,7,5,1,5,1
org.apache.xmlgraphics:xmlgraphics-commons,org.apache.xmlgraphics.ps,PSProcSet,96,28,0,0,15,5,4,2,4,2
org.apache.xmlgraphics:xmlgraphics-commons,org.apache.xmlgraphics.ps,PSResource,102,190,31,9,8,31,20,9,1,8
org.apache.xmlgraphics:xmlgraphics-commons,org.apache.xmlgraphics.ps,ImageEncodingHelper.__CLR4_5_2ct3ct3m6lb5142.new InvocationHandler() {...},39,0,2,0,1,0,3,0,2,0
org.apache.xmlgraphics:xmlgraphics-commons,org.apache.xmlgraphics.ps,ImageEncodingHelper,1132,1300,339,133,87,153,229,32,4,18
org.apache.xmlgraphics:xmlgraphics-commons,org.apache.xmlgraphics.ps,PSPageDeviceDictionary,145,178,50,14,11,25,33,7,2,6
org.apache.xmlgraphics:xmlgraphics-commons,org.apache.xmlgraphics.ps,ImageEncodingHelper.RenderedImageEncoder,3,124,4,8,0,18,4,5,0,3
org.apache.xmlgraphics:xmlgraphics-commons,org.apache.xmlgraphics.ps,PSGenerator.__CLR4_5_2db0db0m6lb518y,105,35,1,1,0,1,5,1,4,1
org.apache.xmlgraphics:xmlgraphics-commons,org.apache.xmlgraphics.ps,PSProcSet.__CLR4_5_2dz6dz6m6lb51bv.new InvocationHandler() {...},39,0,2,0,1,0,3,0,2,0
org.apache.xmlgraphics:xmlgraphics-commons,org.apache.xmlgraphics.ps,PSState,531,186,102,6,58,29,63,5,9,5
org.apache.xmlgraphics:xmlgraphics-commons,org.apache.xmlgraphics.ps,PSDictionary.Maker.Token,9,0,0,0,3,0,1,0,1,0
org.apache.xmlgraphics:xmlgraphics-commons,org.apache.xmlgraphics.ps,FormGenerator,50,284,14,6,6,42,12,7,2,7
org.apache.xmlgraphics:xmlgraphics-commons,org.apache.xmlgraphics.ps,PSProcSets.__CLR4_5_2dzmdzmm6lb51ct.new InvocationHandler() {...},39,0,2,0,1,0,3,0,2,0
org.apache.xmlgraphics:xmlgraphics-commons,org.apache.xmlgraphics.ps,DSCConstants.AtendIndicator,0,23,0,0,0,5,0,2,0,2
org.apache.xmlgraphics:xmlgraphics-commons,org.apache.xmlgraphics.ps,PSProcSets.__CLR4_5_2dzmdzmm6lb51ct,105,35,1,1,0,1,5,1,4,1
org.apache.xmlgraphics:xmlgraphics-commons,org.apache.xmlgraphics.ps,PSFontUtils,798,0,134,0,85,0,74,0,6,0
org.apache.xmlgraphics:xmlgraphics-commons,org.apache.xmlgraphics.ps,PSFontUtils.__CLR4_5_2d85d85m6lb516s,140,0,2,0,1,0,6,0,5,0
org.apache.xmlgraphics:xmlgraphics-commons,org.apache.xmlgraphics.ps,PSDictionaryFormatException,15,0,0,0,3,0,2,0,2,0
org.apache.xmlgraphics:xmlgraphics-commons,org.apache.xmlgraphics.ps,PSFontUtils.__CLR4_5_2d85d85m6lb516s.new InvocationHandler() {...},39,0,2,0,1,0,3,0,2,0
org.apache.xmlgraphics:xmlgraphics-commons,org.apache.xmlgraphics.ps,PSDictionaryFormatException.__CLR4_5_2d83d83m6lb515t,140,0,2,0,1,0,6,0,5,0
org.apache.xmlgraphics:xmlgraphics-commons,org.apache.xmlgraphics.ps,PSResource.__CLR4_5_2e5ue5um6lb51d1,105,35,1,1,0,1,5,1,4,1
org.apache.xmlgraphics:xmlgraphics-commons,org.apache.xmlgraphics.ps,PSGenerator.__CLR4_5_2db0db0m6lb518y.new InvocationHandler() {...},39,0,2,0,1,0,3,0,2,0
org.apache.xmlgraphics:xmlgraphics-commons,org.apache.xmlgraphics.ps,PSPageDeviceDictionary.__CLR4_5_2dy1dy1m6lb51bp.new InvocationHandler() {...},39,0,2,0,1,0,3,0,2,0
org.apache.xmlgraphics:xmlgraphics-commons,org.apache.xmlgraphics.ps,PSImageUtils,2713,1127,415,73,273,129,257,19,16,14
org.apache.xmlgraphics:xmlgraphics-commons,org.apache.xmlgraphics.ps,ImageFormGenerator.__CLR4_5_2d1ld1lm6lb514q.new InvocationHandler() {...},39,0,2,0,1,0,3,0,2,0
org.apache.xmlgraphics:xmlgraphics-commons,org.apache.xmlgraphics.ps,PSDictionary.__CLR4_5_2d3id3im6lb515o.new InvocationHandler() {...},39,0,2,0,1,0,3,0,2,0
org.apache.xmlgraphics:xmlgraphics-commons,org.apache.xmlgraphics.ps,PSDictionary,330,136,57,11,32,14,35,5,3,3
org.apache.xmlgraphics:xmlgraphics-commons,org.apache.xmlgraphics.ps,DSCConstants,8,8,0,0,2,2,1,1,1,1
org.apache.xmlgraphics:xmlgraphics-commons,org.apache.xmlgraphics.ps,DSCConstants.__CLR4_5_2crscrsm6lb511i.new InvocationHandler() {...},39,0,2,0,1,0,3,0,2,0
org.apache.xmlgraphics:xmlgraphics-commons,org.apache.xmlgraphics.ps,PSPageDeviceDictionary.__CLR4_5_2dy1dy1m6lb51bp,105,35,1,1,0,1,5,1,4,1
org.apache.xmlgraphics:xmlgraphics-commons,org.apache.xmlgraphics.ps,PSProcSets.EPSProcSet,208,14,0,0,32,2,1,1,1,1
org.apache.xmlgraphics:xmlgraphics-commons,org.apache.xmlgraphics.ps,PSState.__CLR4_5_2e6we6wm6lb51dd,105,35,1,1,0,1,5,1,4,1
org.apache.xmlgraphics:xmlgraphics-commons,org.apache.xmlgraphics.ps,DSCConstants.__CLR4_5_2crscrsm6lb511i,105,35,1,1,0,1,5,1,4,1
org.apache.xmlgraphics:xmlgraphics-commons,org.apache.xmlgraphics.ps,PSImageUtils.__CLR4_5_2dkzdkzm6lb51bb,105,35,1,1,0,1,5,1,4,1
org.apache.xmlgraphics:xmlgraphics-commons,org.apache.xmlgraphics.ps,ImageFormGenerator.__CLR4_5_2d1ld1lm6lb514q,105,35,1,1,0,1,5,1,4,1
org.apache.xmlgraphics:xmlgraphics-commons,org.apache.xmlgraphics.ps,PSImageUtils.new ImageEncoder() {...},67,0,10,0,9,0,8,0,3,0
org.apache.xmlgraphics:xmlgraphics-commons,org.apache.xmlgraphics.ps,PSImageUtils.new ImageEncoder() {...},67,0,10,0,9,0,8,0,3,0
org.apache.xmlgraphics:xmlgraphics-commons,org.apache.xmlgraphics.ps,FormGenerator.__CLR4_5_2crxcrxm6lb511s,105,35,1,1,0,1,5,1,4,1
org.apache.xmlgraphics:xmlgraphics-commons,org.apache.xmlgraphics.ps,PSDictionary.__CLR4_5_2d3id3im6lb515o,105,35,1,1,0,1,5,1,4,1
org.apache.xmlgraphics:xmlgraphics-commons,org.apache.xmlgraphics.ps,PSImageUtils.__CLR4_5_2dkzdkzm6lb51bb.new InvocationHandler() {...},39,0,2,0,1,0,3,0,2,0
org.apache.xmlgraphics:xmlgraphics-commons,org.apache.xmlgraphics.ps,PSDictionaryFormatException.__CLR4_5_2d83d83m6lb515t.new InvocationHandler() {...},39,0,2,0,1,0,3,0,2,0
org.apache.xmlgraphics:xmlgraphics-commons,org.apache.xmlgraphics.ps,PSResource.__CLR4_5_2e5ue5um6lb51d1.new InvocationHandler() {...},39,0,2,0,1,0,3,0,2,0
org.apache.xmlgraphics:xmlgraphics-commons,org.apache.xmlgraphics.ps,ImageFormGenerator,96,493,47,33,3,56,37,11,0,8
org.apache.xmlgraphics:xmlgraphics-commons,org.apache.xmlgraphics.ps,FormGenerator.__CLR4_5_2crxcrxm6lb511s.new InvocationHandler() {...},39,0,2,0,1,0,3,0,2,0
org.apache.xmlgraphics:xmlgraphics-commons,org.apache.xmlgraphics.ps,ImageEncodingHelper.__CLR4_5_2ct3ct3m6lb5142,105,35,1,1,0,1,5,1,4,1
org.apache.xmlgraphics:xmlgraphics-commons,org.apache.xmlgraphics.ps,PSProcSets.StdProcSet,972,234,6,6,155,30,6,4,1,3
org.apache.xmlgraphics:xmlgraphics-commons,org.apache.xmlgraphics.ps,PSProcSet.__CLR4_5_2dz6dz6m6lb51bv,105,35,1,1,0,1,5,1,4,1
org.apache.xmlgraphics:xmlgraphics-commons,org.apache.xmlgraphics.ps,PSGenerator,1840,1253,387,82,180,178,255,45,30,32
org.apache.xmlgraphics:xmlgraphics-commons,org.apache.xmlgraphics.ps,PSState.__CLR4_5_2e6we6wm6lb51dd.new InvocationHandler() {...},39,0,2,0,1,0,3,0,2,0
org.apache.xmlgraphics:xmlgraphics-commons,org.apache.xmlgraphics.xmp.merge,ArrayAddPropertyMerger.__CLR4_5_2h55h55m6lb51e5,140,0,2,0,1,0,6,0,5,0
org.apache.xmlgraphics:xmlgraphics-commons,org.apache.xmlgraphics.xmp.merge,MergeRuleSet.__CLR4_5_2h5ph5pm6lb51eb,105,35,1,1,0,1,5,1,4,1
org.apache.xmlgraphics:xmlgraphics-commons,org.apache.xmlgraphics.xmp.merge,MergeRuleSet.__CLR4_5_2h5ph5pm6lb51eb.new InvocationHandler() {...},39,0,2,0,1,0,3,0,2,0
org.apache.xmlgraphics:xmlgraphics-commons,org.apache.xmlgraphics.xmp.merge,MergeRuleSet,47,36,10,0,4,8,6,3,1,3
org.apache.xmlgraphics:xmlgraphics-commons,org.apache.xmlgraphics.xmp.merge,ArrayAddPropertyMerger.__CLR4_5_2h55h55m6lb51e5.new InvocationHandler() {...},39,0,2,0,1,0,3,0,2,0
org.apache.xmlgraphics:xmlgraphics-commons,org.apache.xmlgraphics.xmp.merge,NoReplacePropertyMerger,45,6,10,0,5,1,6,2,1,2
org.apache.xmlgraphics:xmlgraphics-commons,org.apache.xmlgraphics.xmp.merge,ArrayAddPropertyMerger,170,6,40,0,13,1,21,2,1,2
org.apache.xmlgraphics:xmlgraphics-commons,org.apache.xmlgraphics.xmp.merge,NoReplacePropertyMerger.__CLR4_5_2h5xh5xm6lb51ef,140,0,2,0,1,0,6,0,5,0
org.apache.xmlgraphics:xmlgraphics-commons,org.apache.xmlgraphics.xmp.merge,ReplacePropertyMerger,12,6,0,0,3,1,1,2,1,2
org.apache.xmlgraphics:xmlgraphics-commons,org.apache.xmlgraphics.xmp.merge,NoReplacePropertyMerger.__CLR4_5_2h5xh5xm6lb51ef.new InvocationHandler() {...},39,0,2,0,1,0,3,0,2,0
org.apache.xmlgraphics:xmlgraphics-commons,org.apache.xmlgraphics.xmp.merge,ReplacePropertyMerger.__CLR4_5_2h63h63m6lb51ej.new InvocationHandler() {...},39,0,2,0,1,0,3,0,2,0
org.apache.xmlgraphics:xmlgraphics-commons,org.apache.xmlgraphics.xmp.merge,ReplacePropertyMerger.__CLR4_5_2h63h63m6lb51ej,140,0,2,0,1,0,6,0,5,0
org.apache.xmlgraphics:xmlgraphics-commons,org.apache.xmlgraphics.java2d.color,RenderingIntent,77,82,13,2,8,14,10,3,1,3
org.apache.xmlgraphics:xmlgraphics-commons,org.apache.xmlgraphics.java2d.color,RenderingIntent.__CLR4_5_2c0ec0em6lb50xj,105,35,1,1,0,1,5,1,4,1
org.apache.xmlgraphics:xmlgraphics-commons,org.apache.xmlgraphics.java2d.color,ColorUtil.__CLR4_5_2brkbrkm6lb50wd,105,35,1,1,0,1,5,1,4,1
org.apache.xmlgraphics:xmlgraphics-commons,org.apache.xmlgraphics.java2d.color,AbstractDeviceSpecificColorSpace,0,16,0,0,0,3,0,2,0,2
org.apache.xmlgraphics:xmlgraphics-commons,org.apache.xmlgraphics.java2d.color,DeviceCMYKColorSpace.__CLR4_5_2bvwbvwm6lb50wv,105,35,1,1,0,1,5,1,4,1
org.apache.xmlgraphics:xmlgraphics-commons,org.apache.xmlgraphics.java2d.color,CIELabColorSpace.__CLR4_5_2bmpbmpm6lb50vq,105,35,1,1,0,1,5,1,4,1
org.apache.xmlgraphics:xmlgraphics-commons,org.apache.xmlgraphics.java2d.color,ColorUtil,417,284,77,43,33,26,58,9,4,3
org.apache.xmlgraphics:xmlgraphics-commons,org.apache.xmlgraphics.java2d.color,ICCColorSpaceWithIntent.__CLR4_5_2bwzbwzm6lb50x5,140,0,2,0,1,0,6,0,5,0
org.apache.xmlgraphics:xmlgraphics-commons,org.apache.xmlgraphics.java2d.color,CIELabColorSpace.__CLR4_5_2bmpbmpm6lb50vq.new InvocationHandler() {...},39,0,2,0,1,0,3,0,2,0
org.apache.xmlgraphics:xmlgraphics-commons,org.apache.xmlgraphics.java2d.color,DefaultColorConverter.__CLR4_5_2bvrbvrm6lb50wp.new InvocationHandler() {...},39,0,2,0,1,0,3,0,2,0
org.apache.xmlgraphics:xmlgraphics-commons,org.apache.xmlgraphics.java2d.color,NamedColorSpace.__CLR4_5_2bxzbxzm6lb50xe.new InvocationHandler() {...},39,0,2,0,1,0,3,0,2,0
org.apache.xmlgraphics:xmlgraphics-commons,org.apache.xmlgraphics.java2d.color,ColorWithAlternatives,527,111,99,9,51,15,61,7,9,5
org.apache.xmlgraphics:xmlgraphics-commons,org.apache.xmlgraphics.java2d.color,GrayScaleColorConverter,0,63,0,0,0,13,0,4,0,4
org.apache.xmlgraphics:xmlgraphics-commons,org.apache.xmlgraphics.java2d.color,ColorSpaces.new ColorSpaceOrigin() {...},24,3,0,0,6,1,2,1,2,1
org.apache.xmlgraphics:xmlgraphics-commons,org.apache.xmlgraphics.java2d.color,ColorSpaces,98,110,28,12,11,16,22,5,3,4
org.apache.xmlgraphics:xmlgraphics-commons,org.apache.xmlgraphics.java2d.color,AbstractDeviceSpecificColorSpace.__CLR4_5_2bmnbmnm6lb50v9.new InvocationHandler() {...},39,0,2,0,1,0,3,0,2,0
org.apache.xmlgraphics:xmlgraphics-commons,org.apache.xmlgraphics.java2d.color,ColorUtil.__CLR4_5_2brkbrkm6lb50wd.new InvocationHandler() {...},39,0,2,0,1,0,3,0,2,0
org.apache.xmlgraphics:xmlgraphics-commons,org.apache.xmlgraphics.java2d.color,ColorSpaces.__CLR4_5_2bqpbqpm6lb50w2.new InvocationHandler() {...},39,0,2,0,1,0,3,0,2,0
org.apache.xmlgraphics:xmlgraphics-commons,org.apache.xmlgraphics.java2d.color,DefaultColorConverter,39,0,0,0,10,0,4,0,4,0
org.apache.xmlgraphics:xmlgraphics-commons,org.apache.xmlgraphics.java2d.color,GrayScaleColorConverter.__CLR4_5_2bwtbwtm6lb50wz,105,35,1,1,0,1,5,1,4,1
org.apache.xmlgraphics:xmlgraphics-commons,org.apache.xmlgraphics.java2d.color,RenderingIntent.__CLR4_5_2c0ec0em6lb50xj.new InvocationHandler() {...},39,0,2,0,1,0,3,0,2,0
org.apache.xmlgraphics:xmlgraphics-commons,org.apache.xmlgraphics.java2d.color,DefaultColorConverter.__CLR4_5_2bvrbvrm6lb50wp,140,0,2,0,1,0,6,0,5,0
org.apache.xmlgraphics:xmlgraphics-commons,org.apache.xmlgraphics.java2d.color,DeviceCMYKColorSpace.__CLR4_5_2bvwbvwm6lb50wv.new InvocationHandler() {...},39,0,2,0,1,0,3,0,2,0
org.apache.xmlgraphics:xmlgraphics-commons,org.apache.xmlgraphics.java2d.color,DeviceCMYKColorSpace,118,209,15,7,14,25,14,7,3,7
org.apache.xmlgraphics:xmlgraphics-commons,org.apache.xmlgraphics.java2d.color,ColorWithAlternatives.__CLR4_5_2btkbtkm6lb50wm.new InvocationHandler() {...},39,0,2,0,1,0,3,0,2,0
org.apache.xmlgraphics:xmlgraphics-commons,org.apache.xmlgraphics.java2d.color,ICCColorSpaceWithIntent,277,0,28,0,43,0,25,0,9,0
org.apache.xmlgraphics:xmlgraphics-commons,org.apache.xmlgraphics.java2d.color,NamedColorSpace.__CLR4_5_2bxzbxzm6lb50xe,105,35,1,1,0,1,5,1,4,1
org.apache.xmlgraphics:xmlgraphics-commons,org.apache.xmlgraphics.java2d.color,CIELabColorSpace,642,629,101,35,65,81,71,22,7,15
org.apache.xmlgraphics:xmlgraphics-commons,org.apache.xmlgraphics.java2d.color,ColorWithAlternatives.__CLR4_5_2btkbtkm6lb50wm,105,35,1,1,0,1,5,1,4,1
org.apache.xmlgraphics:xmlgraphics-commons,org.apache.xmlgraphics.java2d.color,NamedColorSpace,365,358,56,28,47,44,51,12,11,10
org.apache.xmlgraphics:xmlgraphics-commons,org.apache.xmlgraphics.java2d.color,AbstractDeviceSpecificColorSpace.__CLR4_5_2bmnbmnm6lb50v9,105,35,1,1,0,1,5,1,4,1
org.apache.xmlgraphics:xmlgraphics-commons,org.apache.xmlgraphics.java2d.color,ICCColorSpaceWithIntent.__CLR4_5_2bwzbwzm6lb50x5.new InvocationHandler() {...},39,0,2,0,1,0,3,0,2,0
org.apache.xmlgraphics:xmlgraphics-commons,org.apache.xmlgraphics.java2d.color,ColorSpaces.__CLR4_5_2bqpbqpm6lb50w2,105,35,1,1,0,1,5,1,4,1
org.apache.xmlgraphics:xmlgraphics-commons,org.apache.xmlgraphics.java2d.color,GrayScaleColorConverter.__CLR4_5_2bwtbwtm6lb50wz.new InvocationHandler() {...},39,0,2,0,1,0,3,0,2,0
org.apache.xmlgraphics:xmlgraphics-commons,org.apache.xmlgraphics.java2d.ps,EPSDocumentGraphics2D.__CLR4_5_2c7xc7xm6lb50yu,140,0,2,0,1,0,6,0,5,0
org.apache.xmlgraphics:xmlgraphics-commons,org.apache.xmlgraphics.java2d.ps,EPSDocumentGraphics2D.__CLR4_5_2c7xc7xm6lb50yu.new InvocationHandler() {...},39,0,2,0,1,0,3,0,2,0
org.apache.xmlgraphics:xmlgraphics-commons,org.apache.xmlgraphics.java2d.ps,EPSDocumentGraphics2D,283,0,20,0,31,0,15,0,5,0
org.apache.xmlgraphics:xmlgraphics-commons,org.apache.xmlgraphics.java2d.ps,AbstractPSDocumentGraphics2D.__CLR4_5_2c5xc5xm6lb50yl,140,0,2,0,1,0,6,0,5,0
org.apache.xmlgraphics:xmlgraphics-commons,org.apache.xmlgraphics.java2d.ps,PSTilingPattern.__CLR4_5_2ck7ck7m6lb5115,105,35,1,1,0,1,5,1,4,1
org.apache.xmlgraphics:xmlgraphics-commons,org.apache.xmlgraphics.java2d.ps,AbstractPSDocumentGraphics2D,563,0,66,0,75,0,47,0,14,0
org.apache.xmlgraphics:xmlgraphics-commons,org.apache.xmlgraphics.java2d.ps,PSTilingPattern.__CLR4_5_2ck7ck7m6lb5115.new InvocationHandler() {...},39,0,2,0,1,0,3,0,2,0
org.apache.xmlgraphics:xmlgraphics-commons,org.apache.xmlgraphics.java2d.ps,PSGraphics2D,1044,2056,250,154,112,260,202,45,14,27
org.apache.xmlgraphics:xmlgraphics-commons,org.apache.xmlgraphics.java2d.ps,PSDocumentGraphics2D,403,0,20,0,48,0,18,0,8,0
org.apache.xmlgraphics:xmlgraphics-commons,org.apache.xmlgraphics.java2d.ps,PSGraphics2D.__CLR4_5_2c9zc9zm6lb510d.new InvocationHandler() {...},39,0,2,0,1,0,3,0,2,0
org.apache.xmlgraphics:xmlgraphics-commons,org.apache.xmlgraphics.java2d.ps,PSTilingPattern,1418,1041,380,62,109,121,232,15,14,12
org.apache.xmlgraphics:xmlgraphics-commons,org.apache.xmlgraphics.java2d.ps,AbstractPSDocumentGraphics2D.__CLR4_5_2c5xc5xm6lb50yl.new InvocationHandler() {...},39,0,2,0,1,0,3,0,2,0
org.apache.xmlgraphics:xmlgraphics-commons,org.apache.xmlgraphics.java2d.ps,PSDocumentGraphics2D.__CLR4_5_2c8qc8qm6lb50z1.new InvocationHandler() {...},39,0,2,0,1,0,3,0,2,0
org.apache.xmlgraphics:xmlgraphics-commons,org.apache.xmlgraphics.java2d.ps,PSGraphics2D.__CLR4_5_2c9zc9zm6lb510d,105,35,1,1,0,1,5,1,4,1
org.apache.xmlgraphics:xmlgraphics-commons,org.apache.xmlgraphics.java2d.ps,PSDocumentGraphics2D.__CLR4_5_2c8qc8qm6lb50z1,140,0,2,0,1,0,6,0,5,0
org.apache.xmlgraphics:xmlgraphics-commons,org.apache.xmlgraphics.util.i18n,LocaleGroup.__CLR4_5_2frjfrjm6lb5110,105,35,1,1,0,1,5,1,4,1
org.apache.xmlgraphics:xmlgraphics-commons,org.apache.xmlgraphics.util.i18n,LocaleGroup.__CLR4_5_2frjfrjm6lb5110.new InvocationHandler() {...},39,0,2,0,1,0,3,0,2,0
org.apache.xmlgraphics:xmlgraphics-commons,org.apache.xmlgraphics.util.i18n,LocalizableSupport.__CLR4_5_2frnfrnm6lb511e,105,35,1,1,0,1,5,1,4,1
org.apache.xmlgraphics:xmlgraphics-commons,org.apache.xmlgraphics.util.i18n,LocalizableSupport.__CLR4_5_2frnfrnm6lb511e.new InvocationHandler() {...},39,0,2,0,1,0,3,0,2,0
org.apache.xmlgraphics:xmlgraphics-commons,org.apache.xmlgraphics.util.i18n,LocaleGroup,12,23,0,0,3,5,1,3,1,3
org.apache.xmlgraphics:xmlgraphics-commons,org.apache.xmlgraphics.util.i18n,LocalizableSupport,323,179,68,18,34,23,49,5,7,4
org.apache.xmlgraphics:xmlgraphics-commons,org.apache.xmlgraphics.image.writer.imageio,ImageIOImageWriter.IIOMultiImageWriter,312,0,52,0,32,0,29,0,3,0
org.apache.xmlgraphics:xmlgraphics-commons,org.apache.xmlgraphics.image.writer.imageio,ImageIOPNGImageWriter.__CLR4_5_2awsawsm6lb50pj.new InvocationHandler() {...},39,0,2,0,1,0,3,0,2,0
org.apache.xmlgraphics:xmlgraphics-commons,org.apache.xmlgraphics.image.writer.imageio,ImageIOTIFFImageWriter.__CLR4_5_2awuawum6lb50pz.new InvocationHandler() {...},39,0,2,0,1,0,3,0,2,0
org.apache.xmlgraphics:xmlgraphics-commons,org.apache.xmlgraphics.image.writer.imageio,ImageIOPNGImageWriter,0,15,0,0,0,3,0,2,0,2
org.apache.xmlgraphics:xmlgraphics-commons,org.apache.xmlgraphics.image.writer.imageio,ImageIOJPEGImageWriter.__CLR4_5_2auwauwm6lb50pf,105,35,1,1,0,1,5,1,4,1
org.apache.xmlgraphics:xmlgraphics-commons,org.apache.xmlgraphics.image.writer.imageio,ImageIOJPEGImageWriter,164,357,47,22,14,52,34,6,0,5
org.apache.xmlgraphics:xmlgraphics-commons,org.apache.xmlgraphics.image.writer.imageio,ImageIOImageWriter.__CLR4_5_2aq9aq9m6lb50oz,105,35,1,1,0,1,5,1,4,1
org.apache.xmlgraphics:xmlgraphics-commons,org.apache.xmlgraphics.image.writer.imageio,ImageIOTIFFImageWriter.__CLR4_5_2awuawum6lb50pz,105,35,1,1,0,1,5,1,4,1
org.apache.xmlgraphics:xmlgraphics-commons,org.apache.xmlgraphics.image.writer.imageio,ImageIOPNGImageWriter.__CLR4_5_2awsawsm6lb50pj,105,35,1,1,0,1,5,1,4,1
org.apache.xmlgraphics:xmlgraphics-commons,org.apache.xmlgraphics.image.writer.imageio,ImageIOJPEGImageWriter.__CLR4_5_2auwauwm6lb50pf.new InvocationHandler() {...},39,0,2,0,1,0,3,0,2,0
org.apache.xmlgraphics:xmlgraphics-commons,org.apache.xmlgraphics.image.writer.imageio,ImageIOImageWriter,223,768,84,64,20,101,71,20,3,14
org.apache.xmlgraphics:xmlgraphics-commons,org.apache.xmlgraphics.image.writer.imageio,ImageIOImageWriter.__CLR4_5_2aq9aq9m6lb50oz.new InvocationHandler() {...},39,0,2,0,1,0,3,0,2,0
org.apache.xmlgraphics:xmlgraphics-commons,org.apache.xmlgraphics.image.writer.imageio,ImageIOTIFFImageWriter,332,466,82,22,29,70,53,10,2,9
